{"/home/travis/build/npmtest/node-npmtest-grunt-newer/test.js":{"path":"/home/travis/build/npmtest/node-npmtest-grunt-newer/test.js","s":{"1":2,"2":2,"3":2,"4":2,"5":2,"6":2,"7":2,"8":1,"9":2,"10":2,"11":1,"12":1,"13":1,"14":1,"15":2,"16":2,"17":2,"18":2,"19":1,"20":1,"21":2,"22":2,"23":2,"24":1,"25":1,"26":1,"27":1,"28":1,"29":1,"30":1,"31":1,"32":1,"33":1,"34":1,"35":1,"36":1,"37":1,"38":1,"39":2,"40":2,"41":1,"42":2,"43":2,"44":1,"45":2,"46":2,"47":1,"48":2,"49":2,"50":1,"51":1,"52":1,"53":1,"54":1},"b":{"1":[2,1,1,1],"2":[1,1,1,1],"3":[1,1],"4":[1,1],"5":[1,1],"6":[1,1],"7":[1,1],"8":[1,1],"9":[1,1],"10":[1,1,1],"11":[1,1],"12":[1,1],"13":[1,1],"14":[1,1],"15":[1,1],"16":[1,1],"17":[1,1]},"f":{"1":2,"2":2,"3":2,"4":2,"5":2,"6":1,"7":1,"8":1,"9":2,"10":2,"11":2,"12":2,"13":1},"fnMap":{"1":{"name":"(anonymous_1)","line":12,"loc":{"start":{"line":12,"column":1},"end":{"line":12,"column":13}}},"2":{"name":"(anonymous_2)","line":19,"loc":{"start":{"line":19,"column":5},"end":{"line":19,"column":17}}},"3":{"name":"(anonymous_3)","line":23,"loc":{"start":{"line":23,"column":24},"end":{"line":23,"column":36}}},"4":{"name":"(anonymous_4)","line":61,"loc":{"start":{"line":61,"column":5},"end":{"line":61,"column":17}}},"5":{"name":"(anonymous_5)","line":82,"loc":{"start":{"line":82,"column":5},"end":{"line":82,"column":17}}},"6":{"name":"(anonymous_6)","line":91,"loc":{"start":{"line":91,"column":77},"end":{"line":94,"column":10}}},"7":{"name":"(anonymous_7)","line":112,"loc":{"start":{"line":112,"column":83},"end":{"line":115,"column":10}},"skip":true},"8":{"name":"(anonymous_8)","line":123,"loc":{"start":{"line":123,"column":77},"end":{"line":126,"column":10}},"skip":true},"9":{"name":"(anonymous_9)","line":139,"loc":{"start":{"line":139,"column":12},"end":{"line":139,"column":40}},"skip":true},"10":{"name":"(anonymous_10)","line":147,"loc":{"start":{"line":147,"column":77},"end":{"line":150,"column":10}},"skip":true},"11":{"name":"(anonymous_11)","line":158,"loc":{"start":{"line":158,"column":83},"end":{"line":161,"column":10}},"skip":true},"12":{"name":"(anonymous_12)","line":169,"loc":{"start":{"line":169,"column":79},"end":{"line":172,"column":10}},"skip":true},"13":{"name":"(anonymous_13)","line":180,"loc":{"start":{"line":180,"column":75},"end":{"line":183,"column":10}},"skip":true}},"statementMap":{"1":{"start":{"line":12,"column":0},"end":{"line":195,"column":5}},"2":{"start":{"line":14,"column":4},"end":{"line":14,"column":14}},"3":{"start":{"line":19,"column":4},"end":{"line":56,"column":9}},"4":{"start":{"line":21,"column":8},"end":{"line":21,"column":19}},"5":{"start":{"line":23,"column":8},"end":{"line":35,"column":13}},"6":{"start":{"line":24,"column":12},"end":{"line":34,"column":13}},"7":{"start":{"line":25,"column":16},"end":{"line":28,"column":30}},"8":{"start":{"line":30,"column":16},"end":{"line":33,"column":27}},"9":{"start":{"line":37,"column":8},"end":{"line":39,"column":21}},"10":{"start":{"line":40,"column":8},"end":{"line":53,"column":9}},"11":{"start":{"line":43,"column":12},"end":{"line":46,"column":14}},"12":{"start":{"line":47,"column":12},"end":{"line":47,"column":18}},"13":{"start":{"line":50,"column":12},"end":{"line":51,"column":33}},"14":{"start":{"line":52,"column":12},"end":{"line":52,"column":18}},"15":{"start":{"line":55,"column":8},"end":{"line":55,"column":35}},"16":{"start":{"line":61,"column":4},"end":{"line":63,"column":9}},"17":{"start":{"line":62,"column":8},"end":{"line":62,"column":15}},"18":{"start":{"line":64,"column":4},"end":{"line":77,"column":5}},"19":{"start":{"line":70,"column":8},"end":{"line":70,"column":14}},"20":{"start":{"line":76,"column":8},"end":{"line":76,"column":14}},"21":{"start":{"line":82,"column":4},"end":{"line":84,"column":9}},"22":{"start":{"line":83,"column":8},"end":{"line":83,"column":15}},"23":{"start":{"line":85,"column":4},"end":{"line":194,"column":5}},"24":{"start":{"line":91,"column":8},"end":{"line":99,"column":10}},"25":{"start":{"line":98,"column":12},"end":{"line":98,"column":35}},"26":{"start":{"line":102,"column":8},"end":{"line":104,"column":63}},"27":{"start":{"line":105,"column":8},"end":{"line":105,"column":14}},"28":{"start":{"line":112,"column":8},"end":{"line":121,"column":10},"skip":true},"29":{"start":{"line":119,"column":12},"end":{"line":119,"column":55},"skip":true},"30":{"start":{"line":120,"column":12},"end":{"line":120,"column":48},"skip":true},"31":{"start":{"line":123,"column":8},"end":{"line":136,"column":10},"skip":true},"32":{"start":{"line":130,"column":12},"end":{"line":130,"column":76},"skip":true},"33":{"start":{"line":131,"column":12},"end":{"line":131,"column":73},"skip":true},"34":{"start":{"line":132,"column":12},"end":{"line":132,"column":74},"skip":true},"35":{"start":{"line":133,"column":12},"end":{"line":133,"column":79},"skip":true},"36":{"start":{"line":134,"column":12},"end":{"line":134,"column":25},"skip":true},"37":{"start":{"line":135,"column":12},"end":{"line":135,"column":45},"skip":true},"38":{"start":{"line":138,"column":8},"end":{"line":145,"column":14},"skip":true},"39":{"start":{"line":143,"column":16},"end":{"line":143,"column":29},"skip":true},"40":{"start":{"line":144,"column":16},"end":{"line":144,"column":55},"skip":true},"41":{"start":{"line":147,"column":8},"end":{"line":156,"column":10},"skip":true},"42":{"start":{"line":154,"column":12},"end":{"line":154,"column":25},"skip":true},"43":{"start":{"line":155,"column":12},"end":{"line":155,"column":45},"skip":true},"44":{"start":{"line":158,"column":8},"end":{"line":167,"column":10},"skip":true},"45":{"start":{"line":165,"column":12},"end":{"line":165,"column":25},"skip":true},"46":{"start":{"line":166,"column":12},"end":{"line":166,"column":48},"skip":true},"47":{"start":{"line":169,"column":8},"end":{"line":178,"column":10},"skip":true},"48":{"start":{"line":176,"column":12},"end":{"line":176,"column":25},"skip":true},"49":{"start":{"line":177,"column":12},"end":{"line":177,"column":46},"skip":true},"50":{"start":{"line":180,"column":8},"end":{"line":189,"column":10},"skip":true},"51":{"start":{"line":187,"column":12},"end":{"line":187,"column":94},"skip":true},"52":{"start":{"line":188,"column":12},"end":{"line":188,"column":48},"skip":true},"53":{"start":{"line":192,"column":8},"end":{"line":192,"column":35},"skip":true},"54":{"start":{"line":193,"column":8},"end":{"line":193,"column":14},"skip":true}},"branchMap":{"1":{"line":25,"type":"binary-expr","locations":[{"start":{"line":25,"column":23},"end":{"line":25,"column":62}},{"start":{"line":26,"column":20},"end":{"line":26,"column":70}},{"start":{"line":27,"column":20},"end":{"line":27,"column":71}},{"start":{"line":28,"column":20},"end":{"line":28,"column":29}}]},"2":{"line":30,"type":"binary-expr","locations":[{"start":{"line":30,"column":23},"end":{"line":30,"column":37}},{"start":{"line":31,"column":20},"end":{"line":31,"column":61}},{"start":{"line":32,"column":20},"end":{"line":32,"column":70}},{"start":{"line":33,"column":20},"end":{"line":33,"column":26}}]},"3":{"line":37,"type":"cond-expr","locations":[{"start":{"line":38,"column":14},"end":{"line":38,"column":20}},{"start":{"line":39,"column":14},"end":{"line":39,"column":20}}]},"4":{"line":40,"type":"switch","locations":[{"start":{"line":42,"column":8},"end":{"line":47,"column":18}},{"start":{"line":49,"column":8},"end":{"line":52,"column":18}}]},"5":{"line":44,"type":"binary-expr","locations":[{"start":{"line":44,"column":16},"end":{"line":44,"column":44}},{"start":{"line":44,"column":48},"end":{"line":44,"column":66}}]},"6":{"line":50,"type":"binary-expr","locations":[{"start":{"line":50,"column":21},"end":{"line":50,"column":49}},{"start":{"line":50,"column":53},"end":{"line":50,"column":72}}]},"7":{"line":64,"type":"switch","locations":[{"start":{"line":69,"column":4},"end":{"line":70,"column":14}},{"start":{"line":75,"column":4},"end":{"line":76,"column":14}}]},"8":{"line":85,"type":"switch","locations":[{"start":{"line":90,"column":4},"end":{"line":105,"column":14}},{"start":{"line":111,"column":4},"end":{"line":193,"column":14},"skip":true}]},"9":{"line":91,"type":"binary-expr","locations":[{"start":{"line":91,"column":42},"end":{"line":91,"column":73}},{"start":{"line":91,"column":77},"end":{"line":99,"column":9}}]},"10":{"line":102,"type":"binary-expr","locations":[{"start":{"line":102,"column":18},"end":{"line":102,"column":32}},{"start":{"line":103,"column":12},"end":{"line":103,"column":53}},{"start":{"line":104,"column":12},"end":{"line":104,"column":61}}]},"11":{"line":112,"type":"binary-expr","locations":[{"start":{"line":112,"column":45},"end":{"line":112,"column":79},"skip":true},{"start":{"line":112,"column":83},"end":{"line":121,"column":9},"skip":true}]},"12":{"line":123,"type":"binary-expr","locations":[{"start":{"line":123,"column":42},"end":{"line":123,"column":73},"skip":true},{"start":{"line":123,"column":77},"end":{"line":136,"column":9},"skip":true}]},"13":{"line":138,"type":"binary-expr","locations":[{"start":{"line":138,"column":48},"end":{"line":138,"column":85},"skip":true},{"start":{"line":139,"column":12},"end":{"line":145,"column":13},"skip":true}]},"14":{"line":147,"type":"binary-expr","locations":[{"start":{"line":147,"column":42},"end":{"line":147,"column":73},"skip":true},{"start":{"line":147,"column":77},"end":{"line":156,"column":9},"skip":true}]},"15":{"line":158,"type":"binary-expr","locations":[{"start":{"line":158,"column":45},"end":{"line":158,"column":79},"skip":true},{"start":{"line":158,"column":83},"end":{"line":167,"column":9},"skip":true}]},"16":{"line":169,"type":"binary-expr","locations":[{"start":{"line":169,"column":43},"end":{"line":169,"column":75},"skip":true},{"start":{"line":169,"column":79},"end":{"line":178,"column":9},"skip":true}]},"17":{"line":180,"type":"binary-expr","locations":[{"start":{"line":180,"column":41},"end":{"line":180,"column":71},"skip":true},{"start":{"line":180,"column":75},"end":{"line":189,"column":9},"skip":true}]}},"code":["/* istanbul instrument in package npmtest_grunt_newer */","/*jslint","    bitwise: true,","    browser: true,","    maxerr: 8,","    maxlen: 96,","    node: true,","    nomen: true,","    regexp: true,","    stupid: true","*/","(function () {","    'use strict';","    var local;","","","","    // run shared js-env code - init-before","    (function () {","        // init local","        local = {};","        // init modeJs","        local.modeJs = (function () {","            try {","                return typeof navigator.userAgent === 'string' &&","                    typeof document.querySelector('body') === 'object' &&","                    typeof XMLHttpRequest.prototype.open === 'function' &&","                    'browser';","            } catch (errorCaughtBrowser) {","                return module.exports &&","                    typeof process.versions.node === 'string' &&","                    typeof require('http').createServer === 'function' &&","                    'node';","            }","        }());","        // init global","        local.global = local.modeJs === 'browser'","            ? window","            : global;","        switch (local.modeJs) {","        // re-init local from window.local","        case 'browser':","            local = local.global.utility2.objectSetDefault(","                local.global.utility2_rollup || local.global.local,","                local.global.utility2","            );","            break;","        // re-init local from example.js","        case 'node':","            local = (local.global.utility2_rollup || require('utility2'))","                .requireReadme();","            break;","        }","        // export local","        local.global.local = local;","    }());","","","","    // run shared js-env code - function","    (function () {","        return;","    }());","    switch (local.modeJs) {","","","","    // run browser js-env code - function","    case 'browser':","        break;","","","","    // run node js-env code - function","    case 'node':","        break;","    }","","","","    // run shared js-env code - init-after","    (function () {","        return;","    }());","    switch (local.modeJs) {","","","","    // run browser js-env code - init-after","    case 'browser':","        local.testCase_browser_nullCase = local.testCase_browser_nullCase || function (","            options,","            onError","        ) {","        /*","         * this function will test browsers's null-case handling-behavior-behavior","         */","            onError(null, options);","        };","","        // run tests","        local.nop(local.modeTest &&","            document.querySelector('#testRunButton1') &&","            document.querySelector('#testRunButton1').click());","        break;","","","","    // run node js-env code - init-after","    /* istanbul ignore next */","    case 'node':","        local.testCase_buildApidoc_default = local.testCase_buildApidoc_default || function (","            options,","            onError","        ) {","        /*","         * this function will test buildApidoc's default handling-behavior-behavior","         */","            options = { modulePathList: module.paths };","            local.buildApidoc(options, onError);","        };","","        local.testCase_buildApp_default = local.testCase_buildApp_default || function (","            options,","            onError","        ) {","        /*","         * this function will test buildApp's default handling-behavior-behavior","         */","            local.testCase_buildReadme_default(options, local.onErrorThrow);","            local.testCase_buildLib_default(options, local.onErrorThrow);","            local.testCase_buildTest_default(options, local.onErrorThrow);","            local.testCase_buildCustomOrg_default(options, local.onErrorThrow);","            options = [];","            local.buildApp(options, onError);","        };","","        local.testCase_buildCustomOrg_default = local.testCase_buildCustomOrg_default ||","            function (options, onError) {","            /*","             * this function will test buildCustomOrg's default handling-behavior","             */","                options = {};","                local.buildCustomOrg(options, onError);","            };","","        local.testCase_buildLib_default = local.testCase_buildLib_default || function (","            options,","            onError","        ) {","        /*","         * this function will test buildLib's default handling-behavior","         */","            options = {};","            local.buildLib(options, onError);","        };","","        local.testCase_buildReadme_default = local.testCase_buildReadme_default || function (","            options,","            onError","        ) {","        /*","         * this function will test buildReadme's default handling-behavior-behavior","         */","            options = {};","            local.buildReadme(options, onError);","        };","","        local.testCase_buildTest_default = local.testCase_buildTest_default || function (","            options,","            onError","        ) {","        /*","         * this function will test buildTest's default handling-behavior","         */","            options = {};","            local.buildTest(options, onError);","        };","","        local.testCase_webpage_default = local.testCase_webpage_default || function (","            options,","            onError","        ) {","        /*","         * this function will test webpage's default handling-behavior","         */","            options = { modeCoverageMerge: true, url: local.serverLocalHost + '?modeTest=1' };","            local.browserTest(options, onError);","        };","","        // run test-server","        local.testRunServer(local);","        break;","    }","}());",""],"l":{"12":2,"14":2,"19":2,"21":2,"23":2,"24":2,"25":2,"30":1,"37":2,"40":2,"43":1,"47":1,"50":1,"52":1,"55":2,"61":2,"62":2,"64":2,"70":1,"76":1,"82":2,"83":2,"85":2,"91":1,"98":1,"102":1,"105":1,"112":1,"119":1,"120":1,"123":1,"130":1,"131":1,"132":1,"133":1,"134":1,"135":1,"138":1,"143":2,"144":2,"147":1,"154":2,"155":2,"158":1,"165":2,"166":2,"169":1,"176":2,"177":2,"180":1,"187":1,"188":1,"192":1,"193":1}},"/home/travis/build/npmtest/node-npmtest-grunt-newer/lib.npmtest_grunt_newer.js":{"path":"/home/travis/build/npmtest/node-npmtest-grunt-newer/lib.npmtest_grunt_newer.js","s":{"1":2,"2":2,"3":2,"4":2,"5":2,"6":2,"7":2,"8":1,"9":2,"10":2,"11":2,"12":2,"13":1,"14":1,"15":1,"16":1},"b":{"1":[2,1,1,1],"2":[1,1,1,1],"3":[1,1],"4":[2,2],"5":[1,1]},"f":{"1":2,"2":2,"3":2},"fnMap":{"1":{"name":"(anonymous_1)","line":12,"loc":{"start":{"line":12,"column":1},"end":{"line":12,"column":13}}},"2":{"name":"(anonymous_2)","line":19,"loc":{"start":{"line":19,"column":5},"end":{"line":19,"column":17}}},"3":{"name":"(anonymous_3)","line":23,"loc":{"start":{"line":23,"column":24},"end":{"line":23,"column":36}}}},"statementMap":{"1":{"start":{"line":12,"column":0},"end":{"line":53,"column":5}},"2":{"start":{"line":14,"column":4},"end":{"line":14,"column":14}},"3":{"start":{"line":19,"column":4},"end":{"line":52,"column":9}},"4":{"start":{"line":21,"column":8},"end":{"line":21,"column":19}},"5":{"start":{"line":23,"column":8},"end":{"line":35,"column":13}},"6":{"start":{"line":24,"column":12},"end":{"line":34,"column":13}},"7":{"start":{"line":25,"column":16},"end":{"line":28,"column":30}},"8":{"start":{"line":30,"column":16},"end":{"line":33,"column":27}},"9":{"start":{"line":37,"column":8},"end":{"line":39,"column":21}},"10":{"start":{"line":41,"column":8},"end":{"line":41,"column":54}},"11":{"start":{"line":43,"column":8},"end":{"line":43,"column":56}},"12":{"start":{"line":45,"column":8},"end":{"line":51,"column":9}},"13":{"start":{"line":46,"column":12},"end":{"line":46,"column":62}},"14":{"start":{"line":48,"column":12},"end":{"line":48,"column":35}},"15":{"start":{"line":49,"column":12},"end":{"line":49,"column":49}},"16":{"start":{"line":50,"column":12},"end":{"line":50,"column":43}}},"branchMap":{"1":{"line":25,"type":"binary-expr","locations":[{"start":{"line":25,"column":23},"end":{"line":25,"column":62}},{"start":{"line":26,"column":20},"end":{"line":26,"column":70}},{"start":{"line":27,"column":20},"end":{"line":27,"column":71}},{"start":{"line":28,"column":20},"end":{"line":28,"column":29}}]},"2":{"line":30,"type":"binary-expr","locations":[{"start":{"line":30,"column":23},"end":{"line":30,"column":37}},{"start":{"line":31,"column":20},"end":{"line":31,"column":61}},{"start":{"line":32,"column":20},"end":{"line":32,"column":70}},{"start":{"line":33,"column":20},"end":{"line":33,"column":26}}]},"3":{"line":37,"type":"cond-expr","locations":[{"start":{"line":38,"column":14},"end":{"line":38,"column":20}},{"start":{"line":39,"column":14},"end":{"line":39,"column":20}}]},"4":{"line":41,"type":"binary-expr","locations":[{"start":{"line":41,"column":16},"end":{"line":41,"column":44}},{"start":{"line":41,"column":48},"end":{"line":41,"column":53}}]},"5":{"line":45,"type":"if","locations":[{"start":{"line":45,"column":8},"end":{"line":45,"column":8}},{"start":{"line":45,"column":8},"end":{"line":45,"column":8}}]}},"code":["/* istanbul instrument in package npmtest_grunt_newer */","/*jslint","    bitwise: true,","    browser: true,","    maxerr: 8,","    maxlen: 96,","    node: true,","    nomen: true,","    regexp: true,","    stupid: true","*/","(function () {","    'use strict';","    var local;","","","","    // run shared js-env code - init-before","    (function () {","        // init local","        local = {};","        // init modeJs","        local.modeJs = (function () {","            try {","                return typeof navigator.userAgent === 'string' &&","                    typeof document.querySelector('body') === 'object' &&","                    typeof XMLHttpRequest.prototype.open === 'function' &&","                    'browser';","            } catch (errorCaughtBrowser) {","                return module.exports &&","                    typeof process.versions.node === 'string' &&","                    typeof require('http').createServer === 'function' &&","                    'node';","            }","        }());","        // init global","        local.global = local.modeJs === 'browser'","            ? window","            : global;","        // init utility2_rollup","        local = local.global.utility2_rollup || local;","        // init lib","        local.local = local.npmtest_grunt_newer = local;","        // init exports","        if (local.modeJs === 'browser') {","            local.global.utility2_npmtest_grunt_newer = local;","        } else {","            module.exports = local;","            module.exports.__dirname = __dirname;","            module.exports.module = module;","        }","    }());","}());",""],"l":{"12":2,"14":2,"19":2,"21":2,"23":2,"24":2,"25":2,"30":1,"37":2,"41":2,"43":2,"45":2,"46":1,"48":1,"49":1,"50":1}},"/home/travis/build/npmtest/node-npmtest-grunt-newer/example.js":{"path":"/home/travis/build/npmtest/node-npmtest-grunt-newer/example.js","s":{"1":2,"2":2,"3":2,"4":2,"5":2,"6":2,"7":2,"8":1,"9":2,"10":2,"11":2,"12":2,"13":1,"14":2,"15":2,"16":2,"17":2,"18":2,"19":0,"20":2,"21":1,"22":1,"23":1,"24":1,"25":1,"26":0,"27":0,"28":1,"29":1,"30":2,"31":0,"32":0,"33":0,"34":1,"35":2,"36":2,"37":3,"38":3,"39":3,"40":3,"41":0,"42":3,"43":3,"44":3,"45":1,"46":3,"47":1,"48":1,"49":1,"50":1,"51":1,"52":1,"53":1,"54":1,"55":1,"56":1,"57":0,"58":1,"59":6,"60":6,"61":1,"62":2,"63":0,"64":2,"65":1,"66":1,"67":0,"68":0,"69":0,"70":0,"71":0,"72":0,"73":0,"74":0,"75":0,"76":0,"77":0,"78":0,"79":0,"80":0,"81":0,"82":0,"83":0},"b":{"1":[2,1,1,1],"2":[1,1,1,1],"3":[1,1],"4":[2,2],"5":[1,1],"6":[1,1],"7":[2,0],"8":[2,1,1,1,1,1],"9":[0,2,0],"10":[1,1],"11":[2,1,1],"12":[1,0],"13":[0,2],"14":[2,0,0,0,0,0,0],"15":[0,3],"16":[3,0],"17":[1,1],"18":[0,1],"19":[1,2,0,2],"20":[1,0],"21":[1,1],"22":[0,0],"23":[0,0],"24":[0,0],"25":[0,0],"26":[0,0],"27":[0,0],"28":[0,0]},"f":{"1":2,"2":2,"3":2,"4":2,"5":2,"6":2,"7":3,"8":3,"9":3,"10":1,"11":6,"12":0},"fnMap":{"1":{"name":"(anonymous_1)","line":26,"loc":{"start":{"line":26,"column":1},"end":{"line":26,"column":13}}},"2":{"name":"(anonymous_2)","line":33,"loc":{"start":{"line":33,"column":5},"end":{"line":33,"column":17}}},"3":{"name":"(anonymous_3)","line":37,"loc":{"start":{"line":37,"column":24},"end":{"line":37,"column":36}}},"4":{"name":"(anonymous_4)","line":69,"loc":{"start":{"line":69,"column":31},"end":{"line":69,"column":48}},"skip":true},"5":{"name":"(anonymous_5)","line":78,"loc":{"start":{"line":78,"column":26},"end":{"line":78,"column":45}},"skip":true},"6":{"name":"(anonymous_6)","line":123,"loc":{"start":{"line":123,"column":33},"end":{"line":123,"column":48}},"skip":true},"7":{"name":"(anonymous_7)","line":125,"loc":{"start":{"line":125,"column":27},"end":{"line":125,"column":39}},"skip":true},"8":{"name":"(anonymous_8)","line":133,"loc":{"start":{"line":133,"column":59},"end":{"line":133,"column":74}},"skip":true},"9":{"name":"(anonymous_9)","line":143,"loc":{"start":{"line":143,"column":45},"end":{"line":143,"column":62}},"skip":true},"10":{"name":"(anonymous_10)","line":144,"loc":{"start":{"line":144,"column":73},"end":{"line":144,"column":92}},"skip":true},"11":{"name":"(anonymous_11)","line":272,"loc":{"start":{"line":272,"column":51},"end":{"line":272,"column":77}},"skip":true},"12":{"name":"(anonymous_12)","line":315,"loc":{"start":{"line":315,"column":32},"end":{"line":315,"column":61}},"skip":true}},"statementMap":{"1":{"start":{"line":26,"column":0},"end":{"line":326,"column":5}},"2":{"start":{"line":28,"column":4},"end":{"line":28,"column":14}},"3":{"start":{"line":33,"column":4},"end":{"line":60,"column":9}},"4":{"start":{"line":35,"column":8},"end":{"line":35,"column":19}},"5":{"start":{"line":37,"column":8},"end":{"line":49,"column":13}},"6":{"start":{"line":38,"column":12},"end":{"line":48,"column":13}},"7":{"start":{"line":39,"column":16},"end":{"line":42,"column":30}},"8":{"start":{"line":44,"column":16},"end":{"line":47,"column":27}},"9":{"start":{"line":51,"column":8},"end":{"line":53,"column":21}},"10":{"start":{"line":55,"column":8},"end":{"line":57,"column":45}},"11":{"start":{"line":59,"column":8},"end":{"line":59,"column":35}},"12":{"start":{"line":61,"column":4},"end":{"line":325,"column":5}},"13":{"start":{"line":69,"column":8},"end":{"line":121,"column":10},"skip":true},"14":{"start":{"line":70,"column":12},"end":{"line":88,"column":13},"skip":true},"15":{"start":{"line":76,"column":16},"end":{"line":87,"column":19},"skip":true},"16":{"start":{"line":79,"column":20},"end":{"line":86,"column":21},"skip":true},"17":{"start":{"line":82,"column":24},"end":{"line":82,"column":43},"skip":true},"18":{"start":{"line":83,"column":24},"end":{"line":83,"column":30},"skip":true},"19":{"start":{"line":85,"column":24},"end":{"line":85,"column":49},"skip":true},"20":{"start":{"line":89,"column":12},"end":{"line":107,"column":13},"skip":true},"21":{"start":{"line":92,"column":16},"end":{"line":102,"column":17},"skip":true},"22":{"start":{"line":93,"column":20},"end":{"line":93,"column":86},"skip":true},"23":{"start":{"line":94,"column":20},"end":{"line":95,"column":45},"skip":true},"24":{"start":{"line":96,"column":20},"end":{"line":96,"column":42},"skip":true},"25":{"start":{"line":97,"column":20},"end":{"line":97,"column":48},"skip":true},"26":{"start":{"line":100,"column":20},"end":{"line":100,"column":85},"skip":true},"27":{"start":{"line":101,"column":20},"end":{"line":101,"column":96},"skip":true},"28":{"start":{"line":103,"column":16},"end":{"line":103,"column":22},"skip":true},"29":{"start":{"line":106,"column":16},"end":{"line":106,"column":22},"skip":true},"30":{"start":{"line":108,"column":12},"end":{"line":120,"column":13},"skip":true},"31":{"start":{"line":114,"column":16},"end":{"line":119,"column":17},"skip":true},"32":{"start":{"line":116,"column":20},"end":{"line":116,"column":78},"skip":true},"33":{"start":{"line":118,"column":20},"end":{"line":118,"column":47},"skip":true},"34":{"start":{"line":123,"column":8},"end":{"line":141,"column":11},"skip":true},"35":{"start":{"line":124,"column":12},"end":{"line":124,"column":54},"skip":true},"36":{"start":{"line":125,"column":12},"end":{"line":140,"column":14},"skip":true},"37":{"start":{"line":126,"column":16},"end":{"line":126,"column":28},"skip":true},"38":{"start":{"line":127,"column":16},"end":{"line":127,"column":69},"skip":true},"39":{"start":{"line":128,"column":16},"end":{"line":128,"column":75},"skip":true},"40":{"start":{"line":129,"column":16},"end":{"line":131,"column":17},"skip":true},"41":{"start":{"line":130,"column":20},"end":{"line":130,"column":27},"skip":true},"42":{"start":{"line":133,"column":16},"end":{"line":137,"column":36},"skip":true},"43":{"start":{"line":134,"column":20},"end":{"line":136,"column":55},"skip":true},"44":{"start":{"line":139,"column":16},"end":{"line":139,"column":57},"skip":true},"45":{"start":{"line":143,"column":8},"end":{"line":147,"column":11},"skip":true},"46":{"start":{"line":144,"column":12},"end":{"line":146,"column":15},"skip":true},"47":{"start":{"line":145,"column":16},"end":{"line":145,"column":70},"skip":true},"48":{"start":{"line":149,"column":8},"end":{"line":149,"column":31},"skip":true},"49":{"start":{"line":150,"column":8},"end":{"line":150,"column":14},"skip":true},"50":{"start":{"line":158,"column":8},"end":{"line":158,"column":31},"skip":true},"51":{"start":{"line":160,"column":8},"end":{"line":160,"column":33},"skip":true},"52":{"start":{"line":161,"column":8},"end":{"line":161,"column":37},"skip":true},"53":{"start":{"line":162,"column":8},"end":{"line":162,"column":35},"skip":true},"54":{"start":{"line":164,"column":8},"end":{"line":164,"column":50},"skip":true},"55":{"start":{"line":166,"column":8},"end":{"line":256,"column":2},"skip":true},"56":{"start":{"line":258,"column":8},"end":{"line":286,"column":9},"skip":true},"57":{"start":{"line":259,"column":12},"end":{"line":269,"column":14},"skip":true},"58":{"start":{"line":271,"column":12},"end":{"line":285,"column":19},"skip":true},"59":{"start":{"line":274,"column":20},"end":{"line":274,"column":35},"skip":true},"60":{"start":{"line":275,"column":20},"end":{"line":284,"column":21},"skip":true},"61":{"start":{"line":277,"column":24},"end":{"line":277,"column":64},"skip":true},"62":{"start":{"line":279,"column":24},"end":{"line":279,"column":40},"skip":true},"63":{"start":{"line":281,"column":24},"end":{"line":281,"column":40},"skip":true},"64":{"start":{"line":283,"column":24},"end":{"line":283,"column":39},"skip":true},"65":{"start":{"line":288,"column":8},"end":{"line":290,"column":9},"skip":true},"66":{"start":{"line":289,"column":12},"end":{"line":289,"column":18},"skip":true},"67":{"start":{"line":291,"column":8},"end":{"line":293,"column":54},"skip":true},"68":{"start":{"line":296,"column":8},"end":{"line":301,"column":37},"skip":true},"69":{"start":{"line":303,"column":8},"end":{"line":303,"column":82},"skip":true},"70":{"start":{"line":306,"column":8},"end":{"line":308,"column":9},"skip":true},"71":{"start":{"line":307,"column":12},"end":{"line":307,"column":82},"skip":true},"72":{"start":{"line":310,"column":8},"end":{"line":312,"column":9},"skip":true},"73":{"start":{"line":311,"column":12},"end":{"line":311,"column":18},"skip":true},"74":{"start":{"line":313,"column":8},"end":{"line":313,"column":54},"skip":true},"75":{"start":{"line":314,"column":8},"end":{"line":314,"column":69},"skip":true},"76":{"start":{"line":315,"column":8},"end":{"line":323,"column":36},"skip":true},"77":{"start":{"line":316,"column":12},"end":{"line":316,"column":61},"skip":true},"78":{"start":{"line":317,"column":12},"end":{"line":320,"column":13},"skip":true},"79":{"start":{"line":318,"column":16},"end":{"line":318,"column":75},"skip":true},"80":{"start":{"line":319,"column":16},"end":{"line":319,"column":23},"skip":true},"81":{"start":{"line":321,"column":12},"end":{"line":321,"column":38},"skip":true},"82":{"start":{"line":322,"column":12},"end":{"line":322,"column":27},"skip":true},"83":{"start":{"line":324,"column":8},"end":{"line":324,"column":14},"skip":true}},"branchMap":{"1":{"line":39,"type":"binary-expr","locations":[{"start":{"line":39,"column":23},"end":{"line":39,"column":62}},{"start":{"line":40,"column":20},"end":{"line":40,"column":70}},{"start":{"line":41,"column":20},"end":{"line":41,"column":71}},{"start":{"line":42,"column":20},"end":{"line":42,"column":29}}]},"2":{"line":44,"type":"binary-expr","locations":[{"start":{"line":44,"column":23},"end":{"line":44,"column":37}},{"start":{"line":45,"column":20},"end":{"line":45,"column":61}},{"start":{"line":46,"column":20},"end":{"line":46,"column":70}},{"start":{"line":47,"column":20},"end":{"line":47,"column":26}}]},"3":{"line":51,"type":"cond-expr","locations":[{"start":{"line":52,"column":14},"end":{"line":52,"column":20}},{"start":{"line":53,"column":14},"end":{"line":53,"column":20}}]},"4":{"line":55,"type":"binary-expr","locations":[{"start":{"line":55,"column":16},"end":{"line":55,"column":44}},{"start":{"line":55,"column":49},"end":{"line":57,"column":43}}]},"5":{"line":55,"type":"cond-expr","locations":[{"start":{"line":56,"column":14},"end":{"line":56,"column":55}},{"start":{"line":57,"column":14},"end":{"line":57,"column":43}}]},"6":{"line":61,"type":"switch","locations":[{"start":{"line":68,"column":4},"end":{"line":150,"column":14},"skip":true},{"start":{"line":156,"column":4},"end":{"line":324,"column":14},"skip":true}]},"7":{"line":70,"type":"if","locations":[{"start":{"line":70,"column":12},"end":{"line":70,"column":12},"skip":true},{"start":{"line":70,"column":12},"end":{"line":70,"column":12},"skip":true}]},"8":{"line":70,"type":"binary-expr","locations":[{"start":{"line":70,"column":16},"end":{"line":70,"column":22},"skip":true},{"start":{"line":70,"column":27},"end":{"line":70,"column":32},"skip":true},{"start":{"line":71,"column":20},"end":{"line":71,"column":39},"skip":true},{"start":{"line":72,"column":20},"end":{"line":72,"column":49},"skip":true},{"start":{"line":73,"column":20},"end":{"line":73,"column":58},"skip":true},{"start":{"line":74,"column":20},"end":{"line":74,"column":69},"skip":true}]},"9":{"line":79,"type":"switch","locations":[{"start":{"line":80,"column":20},"end":{"line":80,"column":33},"skip":true},{"start":{"line":81,"column":20},"end":{"line":83,"column":30},"skip":true},{"start":{"line":84,"column":20},"end":{"line":85,"column":49},"skip":true}]},"10":{"line":89,"type":"switch","locations":[{"start":{"line":90,"column":12},"end":{"line":103,"column":22},"skip":true},{"start":{"line":105,"column":12},"end":{"line":106,"column":22},"skip":true}]},"11":{"line":89,"type":"binary-expr","locations":[{"start":{"line":89,"column":20},"end":{"line":89,"column":25},"skip":true},{"start":{"line":89,"column":29},"end":{"line":89,"column":48},"skip":true},{"start":{"line":89,"column":52},"end":{"line":89,"column":74},"skip":true}]},"12":{"line":92,"type":"if","locations":[{"start":{"line":92,"column":16},"end":{"line":92,"column":16},"skip":true},{"start":{"line":92,"column":16},"end":{"line":92,"column":16},"skip":true}]},"13":{"line":108,"type":"if","locations":[{"start":{"line":108,"column":12},"end":{"line":108,"column":12},"skip":true},{"start":{"line":108,"column":12},"end":{"line":108,"column":12},"skip":true}]},"14":{"line":108,"type":"binary-expr","locations":[{"start":{"line":108,"column":16},"end":{"line":108,"column":61},"skip":true},{"start":{"line":108,"column":66},"end":{"line":108,"column":72},"skip":true},{"start":{"line":108,"column":77},"end":{"line":108,"column":82},"skip":true},{"start":{"line":109,"column":20},"end":{"line":109,"column":39},"skip":true},{"start":{"line":110,"column":20},"end":{"line":110,"column":49},"skip":true},{"start":{"line":111,"column":20},"end":{"line":111,"column":58},"skip":true},{"start":{"line":112,"column":20},"end":{"line":112,"column":68},"skip":true}]},"15":{"line":129,"type":"if","locations":[{"start":{"line":129,"column":16},"end":{"line":129,"column":16},"skip":true},{"start":{"line":129,"column":16},"end":{"line":129,"column":16},"skip":true}]},"16":{"line":134,"type":"cond-expr","locations":[{"start":{"line":135,"column":26},"end":{"line":135,"column":29},"skip":true},{"start":{"line":136,"column":26},"end":{"line":136,"column":54},"skip":true}]},"17":{"line":164,"type":"binary-expr","locations":[{"start":{"line":164,"column":27},"end":{"line":164,"column":43},"skip":true},{"start":{"line":164,"column":47},"end":{"line":164,"column":49},"skip":true}]},"18":{"line":258,"type":"if","locations":[{"start":{"line":258,"column":8},"end":{"line":258,"column":8},"skip":true},{"start":{"line":258,"column":8},"end":{"line":258,"column":8},"skip":true}]},"19":{"line":275,"type":"switch","locations":[{"start":{"line":276,"column":20},"end":{"line":277,"column":64},"skip":true},{"start":{"line":278,"column":20},"end":{"line":279,"column":40},"skip":true},{"start":{"line":280,"column":20},"end":{"line":281,"column":40},"skip":true},{"start":{"line":282,"column":20},"end":{"line":283,"column":39},"skip":true}]},"20":{"line":288,"type":"if","locations":[{"start":{"line":288,"column":8},"end":{"line":288,"column":8},"skip":true},{"start":{"line":288,"column":8},"end":{"line":288,"column":8},"skip":true}]},"21":{"line":288,"type":"binary-expr","locations":[{"start":{"line":288,"column":12},"end":{"line":288,"column":40},"skip":true},{"start":{"line":288,"column":44},"end":{"line":288,"column":67},"skip":true}]},"22":{"line":292,"type":"binary-expr","locations":[{"start":{"line":292,"column":12},"end":{"line":292,"column":50},"skip":true},{"start":{"line":293,"column":12},"end":{"line":293,"column":53},"skip":true}]},"23":{"line":297,"type":"binary-expr","locations":[{"start":{"line":297,"column":12},"end":{"line":297,"column":69},"skip":true},{"start":{"line":298,"column":12},"end":{"line":301,"column":36},"skip":true}]},"24":{"line":303,"type":"binary-expr","locations":[{"start":{"line":303,"column":43},"end":{"line":303,"column":75},"skip":true},{"start":{"line":303,"column":79},"end":{"line":303,"column":81},"skip":true}]},"25":{"line":306,"type":"if","locations":[{"start":{"line":306,"column":8},"end":{"line":306,"column":8},"skip":true},{"start":{"line":306,"column":8},"end":{"line":306,"column":8},"skip":true}]},"26":{"line":310,"type":"if","locations":[{"start":{"line":310,"column":8},"end":{"line":310,"column":8},"skip":true},{"start":{"line":310,"column":8},"end":{"line":310,"column":8},"skip":true}]},"27":{"line":313,"type":"binary-expr","locations":[{"start":{"line":313,"column":27},"end":{"line":313,"column":43},"skip":true},{"start":{"line":313,"column":47},"end":{"line":313,"column":53},"skip":true}]},"28":{"line":317,"type":"if","locations":[{"start":{"line":317,"column":12},"end":{"line":317,"column":12},"skip":true},{"start":{"line":317,"column":12},"end":{"line":317,"column":12},"skip":true}]}},"code":["/*","example.js","","quickstart example","","instruction","    1. save this script as example.js","    2. run the shell command:","        $ npm install npmtest-grunt-newer && PORT=8081 node example.js","    3. play with the browser-demo on http://127.0.0.1:8081","*/","","","","/* istanbul instrument in package npmtest_grunt_newer */","/*jslint","    bitwise: true,","    browser: true,","    maxerr: 8,","    maxlen: 96,","    node: true,","    nomen: true,","    regexp: true,","    stupid: true","*/","(function () {","    'use strict';","    var local;","","","","    // run shared js-env code - init-before","    (function () {","        // init local","        local = {};","        // init modeJs","        local.modeJs = (function () {","            try {","                return typeof navigator.userAgent === 'string' &&","                    typeof document.querySelector('body') === 'object' &&","                    typeof XMLHttpRequest.prototype.open === 'function' &&","                    'browser';","            } catch (errorCaughtBrowser) {","                return module.exports &&","                    typeof process.versions.node === 'string' &&","                    typeof require('http').createServer === 'function' &&","                    'node';","            }","        }());","        // init global","        local.global = local.modeJs === 'browser'","            ? window","            : global;","        // init utility2_rollup","        local = local.global.utility2_rollup || (local.modeJs === 'browser'","            ? local.global.utility2_npmtest_grunt_newer","            : global.utility2_moduleExports);","        // export local","        local.global.local = local;","    }());","    switch (local.modeJs) {","","","","    // init-after","    // run browser js-env code - init-after","    /* istanbul ignore next */","    case 'browser':","        local.testRunBrowser = function (event) {","            if (!event || (event &&","                    event.currentTarget &&","                    event.currentTarget.className &&","                    event.currentTarget.className.includes &&","                    event.currentTarget.className.includes('onreset'))) {","                // reset output","                Array.from(","                    document.querySelectorAll('body > .resettable')","                ).forEach(function (element) {","                    switch (element.tagName) {","                    case 'INPUT':","                    case 'TEXTAREA':","                        element.value = '';","                        break;","                    default:","                        element.textContent = '';","                    }","                });","            }","            switch (event && event.currentTarget && event.currentTarget.id) {","            case 'testRunButton1':","                // show tests","                if (document.querySelector('#testReportDiv1').style.display === 'none') {","                    document.querySelector('#testReportDiv1').style.display = 'block';","                    document.querySelector('#testRunButton1').textContent =","                        'hide internal test';","                    local.modeTest = true;","                    local.testRunDefault(local);","                // hide tests","                } else {","                    document.querySelector('#testReportDiv1').style.display = 'none';","                    document.querySelector('#testRunButton1').textContent = 'run internal test';","                }","                break;","            // custom-case","            default:","                break;","            }","            if (document.querySelector('#inputTextareaEval1') && (!event || (event &&","                    event.currentTarget &&","                    event.currentTarget.className &&","                    event.currentTarget.className.includes &&","                    event.currentTarget.className.includes('oneval')))) {","                // try to eval input-code","                try {","                    /*jslint evil: true*/","                    eval(document.querySelector('#inputTextareaEval1').value);","                } catch (errorCaught) {","                    console.error(errorCaught);","                }","            }","        };","        // log stderr and stdout to #outputTextareaStdout1","        ['error', 'log'].forEach(function (key) {","            console[key + '_original'] = console[key];","            console[key] = function () {","                var element;","                console[key + '_original'].apply(console, arguments);","                element = document.querySelector('#outputTextareaStdout1');","                if (!element) {","                    return;","                }","                // append text to #outputTextareaStdout1","                element.value += Array.from(arguments).map(function (arg) {","                    return typeof arg === 'string'","                        ? arg","                        : JSON.stringify(arg, null, 4);","                }).join(' ') + '\\n';","                // scroll textarea to bottom","                element.scrollTop = element.scrollHeight;","            };","        });","        // init event-handling","        ['change', 'click', 'keyup'].forEach(function (event) {","            Array.from(document.querySelectorAll('.on' + event)).forEach(function (element) {","                element.addEventListener(event, local.testRunBrowser);","            });","        });","        // run tests","        local.testRunBrowser();","        break;","","","","    // run node js-env code - init-after","    /* istanbul ignore next */","    case 'node':","        // export local","        module.exports = local;","        // require modules","        local.fs = require('fs');","        local.http = require('http');","        local.url = require('url');","        // init assets","        local.assetsDict = local.assetsDict || {};","        /* jslint-ignore-begin */","        local.assetsDict['/assets.index.template.html'] = '\\","<!doctype html>\\n\\","<html lang=\"en\">\\n\\","<head>\\n\\","<meta charset=\"UTF-8\">\\n\\","<meta name=\"viewport\" content=\"width=device-width, initial-scale=1\">\\n\\","<title>{{env.npm_package_name}} (v{{env.npm_package_version}})</title>\\n\\","<style>\\n\\","/*csslint\\n\\","    box-sizing: false,\\n\\","    universal-selector: false\\n\\","*/\\n\\","* {\\n\\","    box-sizing: border-box;\\n\\","}\\n\\","body {\\n\\","    background: #dde;\\n\\","    font-family: Arial, Helvetica, sans-serif;\\n\\","    margin: 2rem;\\n\\","}\\n\\","body > * {\\n\\","    margin-bottom: 1rem;\\n\\","}\\n\\",".utility2FooterDiv {\\n\\","    margin-top: 20px;\\n\\","    text-align: center;\\n\\","}\\n\\","</style>\\n\\","<style>\\n\\","/*csslint\\n\\","*/\\n\\","textarea {\\n\\","    font-family: monospace;\\n\\","    height: 10rem;\\n\\","    width: 100%;\\n\\","}\\n\\","textarea[readonly] {\\n\\","    background: #ddd;\\n\\","}\\n\\","</style>\\n\\","</head>\\n\\","<body>\\n\\","<!-- utility2-comment\\n\\","<div id=\"ajaxProgressDiv1\" style=\"background: #d00; height: 2px; left: 0; margin: 0; padding: 0; position: fixed; top: 0; transition: background 0.5s, width 1.5s; width: 25%;\"></div>\\n\\","utility2-comment -->\\n\\","<h1>\\n\\","<!-- utility2-comment\\n\\","    <a\\n\\","        {{#if env.npm_package_homepage}}\\n\\","        href=\"{{env.npm_package_homepage}}\"\\n\\","        {{/if env.npm_package_homepage}}\\n\\","        target=\"_blank\"\\n\\","    >\\n\\","utility2-comment -->\\n\\","        {{env.npm_package_name}} (v{{env.npm_package_version}})\\n\\","<!-- utility2-comment\\n\\","    </a>\\n\\","utility2-comment -->\\n\\","</h1>\\n\\","<h3>{{env.npm_package_description}}</h3>\\n\\","<!-- utility2-comment\\n\\","<h4><a download href=\"assets.app.js\">download standalone app</a></h4>\\n\\","<button class=\"onclick onreset\" id=\"testRunButton1\">run internal test</button><br>\\n\\","<div id=\"testReportDiv1\" style=\"display: none;\"></div>\\n\\","utility2-comment -->\\n\\","\\n\\","\\n\\","\\n\\","<label>stderr and stdout</label>\\n\\","<textarea class=\"resettable\" id=\"outputTextareaStdout1\" readonly></textarea>\\n\\","<!-- utility2-comment\\n\\","{{#if isRollup}}\\n\\","<script src=\"assets.app.js\"></script>\\n\\","{{#unless isRollup}}\\n\\","utility2-comment -->\\n\\","<script src=\"assets.utility2.rollup.js\"></script>\\n\\","<script src=\"jsonp.utility2._stateInit?callback=window.utility2._stateInit\"></script>\\n\\","<script src=\"assets.npmtest_grunt_newer.rollup.js\"></script>\\n\\","<script src=\"assets.example.js\"></script>\\n\\","<script src=\"assets.test.js\"></script>\\n\\","<!-- utility2-comment\\n\\","{{/if isRollup}}\\n\\","utility2-comment -->\\n\\","<div class=\"utility2FooterDiv\">\\n\\","    [ this app was created with\\n\\","    <a href=\"https://github.com/kaizhu256/node-utility2\" target=\"_blank\">utility2</a>\\n\\","    ]\\n\\","</div>\\n\\","</body>\\n\\","</html>\\n\\","';","        /* jslint-ignore-end */","        if (local.templateRender) {","            local.assetsDict['/'] = local.templateRender(","                local.assetsDict['/assets.index.template.html'],","                {","                    env: local.objectSetDefault(local.env, {","                        npm_package_description: 'the greatest app in the world!',","                        npm_package_name: 'my-app',","                        npm_package_nameAlias: 'my_app',","                        npm_package_version: '0.0.1'","                    })","                }","            );","        } else {","            local.assetsDict['/'] = local.assetsDict['/assets.index.template.html']","                .replace((/\\{\\{env\\.(\\w+?)\\}\\}/g), function (match0, match1) {","                    // jslint-hack","                    String(match0);","                    switch (match1) {","                    case 'npm_package_description':","                        return 'the greatest app in the world!';","                    case 'npm_package_name':","                        return 'my-app';","                    case 'npm_package_nameAlias':","                        return 'my_app';","                    case 'npm_package_version':","                        return '0.0.1';","                    }","                });","        }","        // run the cli","        if (local.global.utility2_rollup || module !== require.main) {","            break;","        }","        local.assetsDict['/assets.example.js'] =","            local.assetsDict['/assets.example.js'] ||","            local.fs.readFileSync(__filename, 'utf8');","        // bug-workaround - long $npm_package_buildCustomOrg","        /* jslint-ignore-begin */","        local.assetsDict['/assets.npmtest_grunt_newer.rollup.js'] =","            local.assetsDict['/assets.npmtest_grunt_newer.rollup.js'] ||","            local.fs.readFileSync(","                local.npmtest_grunt_newer.__dirname + '/lib.npmtest_grunt_newer.js',","                'utf8'","            ).replace((/^#!/), '//');","        /* jslint-ignore-end */","        local.assetsDict['/favicon.ico'] = local.assetsDict['/favicon.ico'] || '';","        // if $npm_config_timeout_exit exists,","        // then exit this process after $npm_config_timeout_exit ms","        if (Number(process.env.npm_config_timeout_exit)) {","            setTimeout(process.exit, Number(process.env.npm_config_timeout_exit));","        }","        // start server","        if (local.global.utility2_serverHttp1) {","            break;","        }","        process.env.PORT = process.env.PORT || '8081';","        console.error('server starting on port ' + process.env.PORT);","        local.http.createServer(function (request, response) {","            request.urlParsed = local.url.parse(request.url);","            if (local.assetsDict[request.urlParsed.pathname] !== undefined) {","                response.end(local.assetsDict[request.urlParsed.pathname]);","                return;","            }","            response.statusCode = 404;","            response.end();","        }).listen(process.env.PORT);","        break;","    }","}());",""],"l":{"26":2,"28":2,"33":2,"35":2,"37":2,"38":2,"39":2,"44":1,"51":2,"55":2,"59":2,"61":2,"69":1,"70":2,"76":2,"79":2,"82":2,"83":2,"85":1,"89":2,"92":1,"93":1,"94":1,"96":1,"97":1,"100":1,"101":1,"103":1,"106":1,"108":2,"114":1,"116":1,"118":1,"123":1,"124":2,"125":2,"126":3,"127":3,"128":3,"129":3,"130":1,"133":3,"134":3,"139":3,"143":1,"144":3,"145":1,"149":1,"150":1,"158":1,"160":1,"161":1,"162":1,"164":1,"166":1,"258":1,"259":1,"271":1,"274":6,"275":6,"277":1,"279":2,"281":1,"283":2,"288":1,"289":1,"291":1,"296":1,"303":1,"306":1,"307":1,"310":1,"311":1,"313":1,"314":1,"315":1,"316":1,"317":1,"318":1,"319":1,"321":1,"322":1,"324":1}},"/home/travis/build/npmtest/node-npmtest-grunt-newer/node_modules/grunt-newer/gruntfile.js":{"path":"/home/travis/build/npmtest/node-npmtest-grunt-newer/node_modules/grunt-newer/gruntfile.js","s":{"1":1,"2":1,"3":1,"4":1,"5":0,"6":0,"7":0,"8":0,"9":0,"10":0,"11":0,"12":0,"13":0,"14":0,"15":0,"16":0},"b":{},"f":{"1":0},"fnMap":{"1":{"name":"(anonymous_1)","line":9,"loc":{"start":{"line":9,"column":17},"end":{"line":9,"column":33}}}},"statementMap":{"1":{"start":{"line":1,"column":0},"end":{"line":1,"column":31}},"2":{"start":{"line":2,"column":0},"end":{"line":2,"column":27}},"3":{"start":{"line":3,"column":0},"end":{"line":3,"column":23}},"4":{"start":{"line":9,"column":0},"end":{"line":76,"column":2}},"5":{"start":{"line":11,"column":2},"end":{"line":11,"column":36}},"6":{"start":{"line":12,"column":2},"end":{"line":12,"column":50}},"7":{"start":{"line":13,"column":2},"end":{"line":13,"column":36}},"8":{"start":{"line":14,"column":2},"end":{"line":14,"column":55}},"9":{"start":{"line":15,"column":2},"end":{"line":15,"column":53}},"10":{"start":{"line":17,"column":2},"end":{"line":65,"column":5}},"11":{"start":{"line":67,"column":2},"end":{"line":67,"column":27}},"12":{"start":{"line":68,"column":2},"end":{"line":68,"column":45}},"13":{"start":{"line":69,"column":2},"end":{"line":69,"column":44}},"14":{"start":{"line":70,"column":2},"end":{"line":70,"column":41}},"15":{"start":{"line":72,"column":2},"end":{"line":72,"column":60}},"16":{"start":{"line":74,"column":2},"end":{"line":74,"column":40}}},"branchMap":{},"code":["var assert = require('assert');","var path = require('path');","var fs = require('fs');","","","/**"," * @param {Object} grunt Grunt."," */","module.exports = function(grunt) {","","  var gruntfileSrc = 'gruntfile.js';","  var tasksSrc = ['tasks/**/*.js', 'lib/**/*.js'];","  var testSrc = 'test/**/*.spec.js';","  var fixturesJs = 'test/integration/fixtures/**/*.js';","  var fixturesAll = 'test/integration/fixtures/**/*';","","  grunt.initConfig({","","    cafemocha: {","      options: {","        reporter: 'spec'","      },","      all: {","        src: testSrc","      }","    },","","    jshint: {","      options: {","        jshintrc: true","      },","      gruntfile: {","        src: gruntfileSrc","      },","      tasks: {","        src: tasksSrc","      },","      tests: {","        src: testSrc","      },","      fixturesJs: {","        src: fixturesJs","      }","    },","","    watch: {","      tasks: {","        files: tasksSrc,","        tasks: ['cafemocha']","      },","      tests: {","        files: testSrc,","        tasks: ['newer:cafemocha']","      },","      fixturesAll: {","        files: fixturesAll,","        tasks: ['cafemocha']","      },","      allJs: {","        files: [gruntfileSrc, tasksSrc, testSrc, fixturesJs],","        tasks: ['newer:jshint']","      }","    }","","  });","","  grunt.loadTasks('tasks');","  grunt.loadNpmTasks('grunt-contrib-jshint');","  grunt.loadNpmTasks('grunt-contrib-watch');","  grunt.loadNpmTasks('grunt-cafe-mocha');","","  grunt.registerTask('test', ['newer:jshint', 'cafemocha']);","","  grunt.registerTask('default', 'test');","","};",""],"l":{"1":1,"2":1,"3":1,"9":1,"11":0,"12":0,"13":0,"14":0,"15":0,"17":0,"67":0,"68":0,"69":0,"70":0,"72":0,"74":0}},"/home/travis/build/npmtest/node-npmtest-grunt-newer/node_modules/grunt-newer/lib/util.js":{"path":"/home/travis/build/npmtest/node-npmtest-grunt-newer/node_modules/grunt-newer/lib/util.js","s":{"1":1,"2":1,"3":1,"4":1,"5":1,"6":0,"7":0,"8":0,"9":0,"10":0,"11":0,"12":0,"13":0,"14":0,"15":0,"16":0,"17":0,"18":1,"19":0,"20":0,"21":0,"22":0,"23":0,"24":1,"25":0,"26":0,"27":0,"28":0,"29":0,"30":0,"31":0,"32":0,"33":0,"34":0,"35":0,"36":0,"37":0,"38":0,"39":0,"40":0,"41":1,"42":0,"43":0,"44":0,"45":0,"46":0,"47":0,"48":0,"49":0,"50":0,"51":0,"52":0,"53":0,"54":0,"55":0,"56":0,"57":1,"58":0,"59":0,"60":1,"61":0,"62":0,"63":0,"64":0,"65":0,"66":1,"67":0,"68":0,"69":0,"70":0,"71":0,"72":0,"73":0,"74":1,"75":0,"76":0,"77":0,"78":0,"79":0,"80":0,"81":0,"82":1,"83":0,"84":0,"85":0,"86":0,"87":0,"88":0,"89":0,"90":0,"91":0,"92":1,"93":0},"b":{"1":[0,0],"2":[0,0],"3":[0,0],"4":[0,0],"5":[0,0],"6":[0,0],"7":[0,0],"8":[0,0],"9":[0,0],"10":[0,0],"11":[0,0],"12":[0,0],"13":[0,0],"14":[0,0],"15":[0,0,0],"16":[0,0],"17":[0,0],"18":[0,0],"19":[0,0]},"f":{"1":0,"2":0,"3":0,"4":0,"5":0,"6":0,"7":0,"8":0,"9":0,"10":0,"11":0,"12":0,"13":0,"14":0,"15":0,"16":0,"17":0,"18":0,"19":0,"20":0,"21":0,"22":0,"23":0,"24":0,"25":0,"26":0,"27":0,"28":0,"29":0,"30":0,"31":0,"32":0,"33":0},"fnMap":{"1":{"name":"(anonymous_1)","line":18,"loc":{"start":{"line":18,"column":52},"end":{"line":19,"column":35}}},"2":{"name":"(anonymous_2)","line":20,"loc":{"start":{"line":20,"column":28},"end":{"line":20,"column":49}}},"3":{"name":"(anonymous_3)","line":26,"loc":{"start":{"line":26,"column":34},"end":{"line":26,"column":60}}},"4":{"name":"(anonymous_4)","line":34,"loc":{"start":{"line":34,"column":29},"end":{"line":34,"column":57}}},"5":{"name":"(anonymous_5)","line":36,"loc":{"start":{"line":36,"column":7},"end":{"line":36,"column":27}}},"6":{"name":"(anonymous_6)","line":55,"loc":{"start":{"line":55,"column":34},"end":{"line":56,"column":14}}},"7":{"name":"(anonymous_7)","line":58,"loc":{"start":{"line":58,"column":21},"end":{"line":58,"column":32}}},"8":{"name":"iterate","line":64,"loc":{"start":{"line":64,"column":2},"end":{"line":64,"column":21}}},"9":{"name":"(anonymous_9)","line":65,"loc":{"start":{"line":65,"column":29},"end":{"line":65,"column":50}}},"10":{"name":"(anonymous_10)","line":77,"loc":{"start":{"line":77,"column":40},"end":{"line":77,"column":58}}},"11":{"name":"(anonymous_11)","line":111,"loc":{"start":{"line":111,"column":52},"end":{"line":112,"column":35}}},"12":{"name":"(anonymous_12)","line":113,"loc":{"start":{"line":113,"column":19},"end":{"line":113,"column":39}}},"13":{"name":"(anonymous_13)","line":115,"loc":{"start":{"line":115,"column":24},"end":{"line":115,"column":45}}},"14":{"name":"(anonymous_14)","line":121,"loc":{"start":{"line":121,"column":53},"end":{"line":121,"column":72}}},"15":{"name":"(anonymous_15)","line":127,"loc":{"start":{"line":127,"column":50},"end":{"line":127,"column":69}}},"16":{"name":"(anonymous_16)","line":134,"loc":{"start":{"line":134,"column":5},"end":{"line":134,"column":28}}},"17":{"name":"(anonymous_17)","line":139,"loc":{"start":{"line":139,"column":34},"end":{"line":139,"column":48}}},"18":{"name":"(anonymous_18)","line":154,"loc":{"start":{"line":154,"column":40},"end":{"line":155,"column":14}}},"19":{"name":"(anonymous_19)","line":170,"loc":{"start":{"line":170,"column":48},"end":{"line":171,"column":36}}},"20":{"name":"(anonymous_20)","line":173,"loc":{"start":{"line":173,"column":22},"end":{"line":173,"column":39}}},"21":{"name":"(anonymous_21)","line":188,"loc":{"start":{"line":188,"column":50},"end":{"line":188,"column":79}}},"22":{"name":"(anonymous_22)","line":191,"loc":{"start":{"line":191,"column":20},"end":{"line":191,"column":36}}},"23":{"name":"(anonymous_23)","line":195,"loc":{"start":{"line":195,"column":19},"end":{"line":195,"column":30}}},"24":{"name":"(anonymous_24)","line":211,"loc":{"start":{"line":211,"column":52},"end":{"line":212,"column":36}}},"25":{"name":"(anonymous_25)","line":213,"loc":{"start":{"line":213,"column":22},"end":{"line":213,"column":47}}},"26":{"name":"(anonymous_26)","line":215,"loc":{"start":{"line":215,"column":16},"end":{"line":215,"column":29}}},"27":{"name":"(anonymous_27)","line":218,"loc":{"start":{"line":218,"column":15},"end":{"line":218,"column":28}}},"28":{"name":"(anonymous_28)","line":221,"loc":{"start":{"line":221,"column":7},"end":{"line":221,"column":29}}},"29":{"name":"(anonymous_29)","line":241,"loc":{"start":{"line":241,"column":52},"end":{"line":242,"column":26}}},"30":{"name":"(anonymous_30)","line":244,"loc":{"start":{"line":244,"column":19},"end":{"line":244,"column":39}}},"31":{"name":"(anonymous_31)","line":246,"loc":{"start":{"line":246,"column":53},"end":{"line":246,"column":72}}},"32":{"name":"(anonymous_32)","line":256,"loc":{"start":{"line":256,"column":5},"end":{"line":256,"column":31}}},"33":{"name":"(anonymous_33)","line":269,"loc":{"start":{"line":269,"column":42},"end":{"line":270,"column":16}}}},"statementMap":{"1":{"start":{"line":1,"column":0},"end":{"line":1,"column":31}},"2":{"start":{"line":2,"column":0},"end":{"line":2,"column":23}},"3":{"start":{"line":3,"column":0},"end":{"line":3,"column":27}},"4":{"start":{"line":5,"column":0},"end":{"line":5,"column":29}},"5":{"start":{"line":18,"column":0},"end":{"line":40,"column":2}},"6":{"start":{"line":20,"column":2},"end":{"line":39,"column":5}},"7":{"start":{"line":21,"column":4},"end":{"line":23,"column":5}},"8":{"start":{"line":22,"column":6},"end":{"line":22,"column":27}},"9":{"start":{"line":25,"column":4},"end":{"line":25,"column":24}},"10":{"start":{"line":26,"column":4},"end":{"line":32,"column":7}},"11":{"start":{"line":27,"column":6},"end":{"line":27,"column":56}},"12":{"start":{"line":28,"column":6},"end":{"line":30,"column":7}},"13":{"start":{"line":29,"column":8},"end":{"line":29,"column":34}},"14":{"start":{"line":31,"column":6},"end":{"line":31,"column":19}},"15":{"start":{"line":34,"column":4},"end":{"line":38,"column":7}},"16":{"start":{"line":35,"column":6},"end":{"line":35,"column":40}},"17":{"start":{"line":37,"column":6},"end":{"line":37,"column":51}},"18":{"start":{"line":55,"column":0},"end":{"line":92,"column":2}},"19":{"start":{"line":57,"column":2},"end":{"line":62,"column":3}},"20":{"start":{"line":58,"column":4},"end":{"line":60,"column":7}},"21":{"start":{"line":59,"column":6},"end":{"line":59,"column":28}},"22":{"start":{"line":61,"column":4},"end":{"line":61,"column":11}},"23":{"start":{"line":63,"column":2},"end":{"line":63,"column":19}},"24":{"start":{"line":64,"column":2},"end":{"line":90,"column":3}},"25":{"start":{"line":65,"column":4},"end":{"line":89,"column":7}},"26":{"start":{"line":66,"column":6},"end":{"line":68,"column":7}},"27":{"start":{"line":67,"column":8},"end":{"line":67,"column":29}},"28":{"start":{"line":70,"column":6},"end":{"line":70,"column":43}},"29":{"start":{"line":71,"column":6},"end":{"line":71,"column":42}},"30":{"start":{"line":72,"column":6},"end":{"line":72,"column":49}},"31":{"start":{"line":74,"column":6},"end":{"line":88,"column":7}},"32":{"start":{"line":75,"column":8},"end":{"line":75,"column":36}},"33":{"start":{"line":77,"column":8},"end":{"line":87,"column":11}},"34":{"start":{"line":78,"column":10},"end":{"line":86,"column":11}},"35":{"start":{"line":79,"column":12},"end":{"line":79,"column":33}},"36":{"start":{"line":81,"column":12},"end":{"line":81,"column":23}},"37":{"start":{"line":82,"column":12},"end":{"line":84,"column":13}},"38":{"start":{"line":83,"column":14},"end":{"line":83,"column":43}},"39":{"start":{"line":85,"column":12},"end":{"line":85,"column":22}},"40":{"start":{"line":91,"column":2},"end":{"line":91,"column":12}},"41":{"start":{"line":111,"column":0},"end":{"line":143,"column":2}},"42":{"start":{"line":113,"column":2},"end":{"line":142,"column":5}},"43":{"start":{"line":114,"column":4},"end":{"line":133,"column":5}},"44":{"start":{"line":115,"column":6},"end":{"line":124,"column":9}},"45":{"start":{"line":116,"column":8},"end":{"line":119,"column":9}},"46":{"start":{"line":118,"column":10},"end":{"line":118,"column":33}},"47":{"start":{"line":120,"column":8},"end":{"line":123,"column":11}},"48":{"start":{"line":122,"column":10},"end":{"line":122,"column":32}},"49":{"start":{"line":126,"column":6},"end":{"line":132,"column":9}},"50":{"start":{"line":128,"column":8},"end":{"line":130,"column":9}},"51":{"start":{"line":129,"column":10},"end":{"line":129,"column":27}},"52":{"start":{"line":131,"column":8},"end":{"line":131,"column":47}},"53":{"start":{"line":135,"column":4},"end":{"line":137,"column":5}},"54":{"start":{"line":136,"column":6},"end":{"line":136,"column":27}},"55":{"start":{"line":139,"column":4},"end":{"line":141,"column":8}},"56":{"start":{"line":140,"column":6},"end":{"line":140,"column":50}},"57":{"start":{"line":154,"column":0},"end":{"line":158,"column":2}},"58":{"start":{"line":156,"column":2},"end":{"line":156,"column":75}},"59":{"start":{"line":157,"column":2},"end":{"line":157,"column":73}},"60":{"start":{"line":170,"column":0},"end":{"line":179,"column":2}},"61":{"start":{"line":172,"column":2},"end":{"line":172,"column":71}},"62":{"start":{"line":173,"column":2},"end":{"line":178,"column":5}},"63":{"start":{"line":174,"column":4},"end":{"line":176,"column":5}},"64":{"start":{"line":175,"column":6},"end":{"line":175,"column":34}},"65":{"start":{"line":177,"column":4},"end":{"line":177,"column":36}},"66":{"start":{"line":188,"column":0},"end":{"line":198,"column":2}},"67":{"start":{"line":189,"column":2},"end":{"line":189,"column":40}},"68":{"start":{"line":190,"column":2},"end":{"line":190,"column":43}},"69":{"start":{"line":191,"column":2},"end":{"line":193,"column":5}},"70":{"start":{"line":192,"column":4},"end":{"line":192,"column":25}},"71":{"start":{"line":194,"column":2},"end":{"line":194,"column":31}},"72":{"start":{"line":195,"column":2},"end":{"line":197,"column":5}},"73":{"start":{"line":196,"column":4},"end":{"line":196,"column":41}},"74":{"start":{"line":211,"column":0},"end":{"line":228,"column":2}},"75":{"start":{"line":213,"column":2},"end":{"line":227,"column":15}},"76":{"start":{"line":214,"column":4},"end":{"line":226,"column":7}},"77":{"start":{"line":216,"column":8},"end":{"line":216,"column":70}},"78":{"start":{"line":219,"column":8},"end":{"line":219,"column":39}},"79":{"start":{"line":222,"column":6},"end":{"line":224,"column":7}},"80":{"start":{"line":223,"column":8},"end":{"line":223,"column":29}},"81":{"start":{"line":225,"column":6},"end":{"line":225,"column":63}},"82":{"start":{"line":241,"column":0},"end":{"line":259,"column":2}},"83":{"start":{"line":243,"column":2},"end":{"line":243,"column":23}},"84":{"start":{"line":244,"column":2},"end":{"line":258,"column":5}},"85":{"start":{"line":246,"column":4},"end":{"line":254,"column":7}},"86":{"start":{"line":247,"column":6},"end":{"line":249,"column":7}},"87":{"start":{"line":248,"column":8},"end":{"line":248,"column":25}},"88":{"start":{"line":250,"column":6},"end":{"line":252,"column":7}},"89":{"start":{"line":251,"column":8},"end":{"line":251,"column":24}},"90":{"start":{"line":253,"column":6},"end":{"line":253,"column":45}},"91":{"start":{"line":257,"column":4},"end":{"line":257,"column":40}},"92":{"start":{"line":269,"column":0},"end":{"line":272,"column":2}},"93":{"start":{"line":271,"column":2},"end":{"line":271,"column":64}}},"branchMap":{"1":{"line":21,"type":"if","locations":[{"start":{"line":21,"column":4},"end":{"line":21,"column":4}},{"start":{"line":21,"column":4},"end":{"line":21,"column":4}}]},"2":{"line":28,"type":"if","locations":[{"start":{"line":28,"column":6},"end":{"line":28,"column":6}},{"start":{"line":28,"column":6},"end":{"line":28,"column":6}}]},"3":{"line":57,"type":"if","locations":[{"start":{"line":57,"column":2},"end":{"line":57,"column":2}},{"start":{"line":57,"column":2},"end":{"line":57,"column":2}}]},"4":{"line":66,"type":"if","locations":[{"start":{"line":66,"column":6},"end":{"line":66,"column":6}},{"start":{"line":66,"column":6},"end":{"line":66,"column":6}}]},"5":{"line":74,"type":"if","locations":[{"start":{"line":74,"column":6},"end":{"line":74,"column":6}},{"start":{"line":74,"column":6},"end":{"line":74,"column":6}}]},"6":{"line":78,"type":"if","locations":[{"start":{"line":78,"column":10},"end":{"line":78,"column":10}},{"start":{"line":78,"column":10},"end":{"line":78,"column":10}}]},"7":{"line":82,"type":"if","locations":[{"start":{"line":82,"column":12},"end":{"line":82,"column":12}},{"start":{"line":82,"column":12},"end":{"line":82,"column":12}}]},"8":{"line":114,"type":"if","locations":[{"start":{"line":114,"column":4},"end":{"line":114,"column":4}},{"start":{"line":114,"column":4},"end":{"line":114,"column":4}}]},"9":{"line":114,"type":"binary-expr","locations":[{"start":{"line":114,"column":8},"end":{"line":114,"column":16}},{"start":{"line":114,"column":20},"end":{"line":114,"column":70}}]},"10":{"line":114,"type":"binary-expr","locations":[{"start":{"line":114,"column":22},"end":{"line":114,"column":42}},{"start":{"line":114,"column":46},"end":{"line":114,"column":69}}]},"11":{"line":116,"type":"if","locations":[{"start":{"line":116,"column":8},"end":{"line":116,"column":8}},{"start":{"line":116,"column":8},"end":{"line":116,"column":8}}]},"12":{"line":122,"type":"binary-expr","locations":[{"start":{"line":122,"column":20},"end":{"line":122,"column":23}},{"start":{"line":122,"column":27},"end":{"line":122,"column":30}}]},"13":{"line":128,"type":"if","locations":[{"start":{"line":128,"column":8},"end":{"line":128,"column":8}},{"start":{"line":128,"column":8},"end":{"line":128,"column":8}}]},"14":{"line":135,"type":"if","locations":[{"start":{"line":135,"column":4},"end":{"line":135,"column":4}},{"start":{"line":135,"column":4},"end":{"line":135,"column":4}}]},"15":{"line":140,"type":"binary-expr","locations":[{"start":{"line":140,"column":13},"end":{"line":140,"column":16}},{"start":{"line":140,"column":20},"end":{"line":140,"column":27}},{"start":{"line":140,"column":31},"end":{"line":140,"column":49}}]},"16":{"line":174,"type":"if","locations":[{"start":{"line":174,"column":4},"end":{"line":174,"column":4}},{"start":{"line":174,"column":4},"end":{"line":174,"column":4}}]},"17":{"line":222,"type":"if","locations":[{"start":{"line":222,"column":6},"end":{"line":222,"column":6}},{"start":{"line":222,"column":6},"end":{"line":222,"column":6}}]},"18":{"line":247,"type":"if","locations":[{"start":{"line":247,"column":6},"end":{"line":247,"column":6}},{"start":{"line":247,"column":6},"end":{"line":247,"column":6}}]},"19":{"line":250,"type":"if","locations":[{"start":{"line":250,"column":6},"end":{"line":250,"column":6}},{"start":{"line":250,"column":6},"end":{"line":250,"column":6}}]}},"code":["var crypto = require('crypto');","var fs = require('fs');","var path = require('path');","","var async = require('async');","","/**"," * Filter a list of files by mtime."," * @param {Array.<string>} paths List of file paths."," * @param {Date} time The comparison time."," * @param {number} tolerance Maximum time in milliseconds that the destination"," *     file is allowed to be newer than the source file to compensate for"," *     imprecisions in modification times in file systems."," * @param {function(string, Date, function(boolean))} override Override."," * @param {function(Err, Array.<string>)} callback Callback called with any"," *     error and a list of files that have mtimes newer than the provided time."," */","var filterPathsByTime = exports.filterPathsByTime = function(paths, time,","    tolerance, override, callback) {","  async.map(paths, fs.stat, function(err, stats) {","    if (err) {","      return callback(err);","    }","","    var olderPaths = [];","    var newerPaths = paths.filter(function(filePath, index) {","      var newer = stats[index].mtime - time > tolerance;","      if (!newer) {","        olderPaths.push(filePath);","      }","      return newer;","    });","","    async.filter(olderPaths, function(filePath, include) {","      override(filePath, time, include);","    }, function(overrides) {","      callback(null, newerPaths.concat(overrides));","    });","  });","};","","","/**"," * Determine if any of the given files are newer than the provided time."," * @param {Array.<string>} paths List of file paths."," * @param {Date} time The comparison time."," * @param {number} tolerance Maximum time in milliseconds that the destination"," *     file is allowed to be newer than the source file to compensate for"," *     imprecisions in modification times in file systems."," * @param {function(string, Date, function(boolean))} override Override."," * @param {function(Err, boolean)} callback Callback called with any error and"," *     a boolean indicating whether any one of the supplied files is newer than"," *     the comparison time."," */","var anyNewer = exports.anyNewer = function(paths, time, tolerance, override,","    callback) {","  if (paths.length === 0) {","    process.nextTick(function() {","      callback(null, false);","    });","    return;","  }","  var complete = 0;","  function iterate() {","    fs.stat(paths[complete], function(err, stats) {","      if (err) {","        return callback(err);","      }","","      var pathTime = stats.mtime.getTime();","      var comparisonTime = time.getTime();","      var difference = pathTime - comparisonTime;","","      if (difference > tolerance) {","        return callback(null, true);","      } else {","        override(paths[complete], time, function(include) {","          if (include) {","            callback(null, true);","          } else {","            ++complete;","            if (complete >= paths.length) {","              return callback(null, false);","            }","            iterate();","          }","        });","      }","    });","  }","  iterate();","};","","","/**"," * Filter a list of file config objects by time.  Source files on the provided"," * objects are removed if they have not been modified since the provided time"," * or any dest file mtime for a dest file on the same object."," * @param {Array.<Object>} files A list of Grunt file config objects.  These"," *     are returned from `grunt.task.normalizeMultiTaskFiles` and have a src"," *     property (Array.<string>) and an optional dest property (string)."," * @param {Date} previous Comparison time."," * @param {number} tolerance Maximum time in milliseconds that the destination"," *     file is allowed to be newer than the source file to compensate for"," *     imprecisions in modification times in file systems."," * @param {function(string, Date, function(boolean))} override Override."," * @param {function(Error, Array.<Object>)} callback Callback called with"," *     modified file config objects.  Objects with no more src files are"," *     filtered from the results."," */","var filterFilesByTime = exports.filterFilesByTime = function(files, previous,","    tolerance, override, callback) {","  async.map(files, function(obj, done) {","    if (obj.dest && !(obj.src.length === 1 && obj.dest === obj.src[0])) {","      fs.stat(obj.dest, function(err, stats) {","        if (err) {","          // dest file not yet created, use all src files","          return done(null, obj);","        }","        return anyNewer(","          obj.src, stats.mtime, tolerance, override, function(err, any) {","          done(err, any && obj);","        });","      });","    } else {","      filterPathsByTime(","          obj.src, previous, tolerance, override, function(err, src) {","        if (err) {","          return done(err);","        }","        done(null, {src: src, dest: obj.dest});","      });","    }","  }, function(err, results) {","    if (err) {","      return callback(err);","    }","    // get rid of file config objects with no src files","    callback(null, results.filter(function(obj) {","      return obj && obj.src && obj.src.length > 0;","    }));","  });","};","","","/**"," * Get path to cached file hash for a target."," * @param {string} cacheDir Path to cache dir."," * @param {string} taskName Task name."," * @param {string} targetName Target name."," * @param {string} filePath Path to file."," * @return {string} Path to hash."," */","var getHashPath = exports.getHashPath = function(cacheDir, taskName, targetName,","    filePath) {","  var hashedName = crypto.createHash('md5').update(filePath).digest('hex');","  return path.join(cacheDir, taskName, targetName, 'hashes', hashedName);","};","","","/**"," * Get an existing hash for a file (if it exists)."," * @param {string} filePath Path to file."," * @param {string} cacheDir Cache directory."," * @param {string} taskName Task name."," * @param {string} targetName Target name."," * @param {function(Error, string} callback Callback called with an error and"," *     file hash (or null if the file doesn't exist)."," */","var getExistingHash = exports.getExistingHash = function(filePath, cacheDir,","    taskName, targetName, callback) {","  var hashPath = getHashPath(cacheDir, taskName, targetName, filePath);","  fs.exists(hashPath, function(exists) {","    if (!exists) {","      return callback(null, null);","    }","    fs.readFile(hashPath, callback);","  });","};","","","/**"," * Generate a hash (md5sum) of a file contents."," * @param {string} filePath Path to file."," * @param {function(Error, string)} callback Callback called with any error and"," *     the hash of the file contents."," */","var generateFileHash = exports.generateFileHash = function(filePath, callback) {","  var md5sum = crypto.createHash('md5');","  var stream = new fs.ReadStream(filePath);","  stream.on('data', function(chunk) {","    md5sum.update(chunk);","  });","  stream.on('error', callback);","  stream.on('end', function() {","    callback(null, md5sum.digest('hex'));","  });","};","","","/**"," * Filter files based on hashed contents."," * @param {Array.<string>} paths List of paths to files."," * @param {string} cacheDir Cache directory."," * @param {string} taskName Task name."," * @param {string} targetName Target name."," * @param {function(Error, Array.<string>)} callback Callback called with any"," *     error and a filtered list of files that only includes files with hashes"," *     that are different than the cached hashes for the same files."," */","var filterPathsByHash = exports.filterPathsByHash = function(paths, cacheDir,","    taskName, targetName, callback) {","  async.filter(paths, function(filePath, done) {","    async.parallel({","      previous: function(cb) {","        getExistingHash(filePath, cacheDir, taskName, targetName, cb);","      },","      current: function(cb) {","        generateFileHash(filePath, cb);","      }","    }, function(err, hashes) {","      if (err) {","        return callback(err);","      }","      done(String(hashes.previous) !== String(hashes.current));","    });","  }, callback);","};","","","/**"," * Filter a list of file config objects based on comparing hashes of src files."," * @param {Array.<Object>} files List of file config objects."," * @param {string} taskName Task name."," * @param {string} targetName Target name."," * @param {function(Error, Array.<Object>)} callback Callback called with a"," *     filtered list of file config objects.  Object returned will only include"," *     src files with hashes that are different than any cached hashes.  Config"," *     objects with no src files will be filtered from the list."," */","var filterFilesByHash = exports.filterFilesByHash = function(files, taskName,","    targetName, callback) {","  var modified = false;","  async.map(files, function(obj, done) {","","    filterPathsByHash(obj.src, taskName, targetName, function(err, src) {","      if (err) {","        return done(err);","      }","      if (src.length) {","        modified = true;","      }","      done(null, {src: src, dest: obj.dest});","    });","","  }, function(err, newerFiles) {","    callback(err, newerFiles, modified);","  });","};","","","/**"," * Get the path to the cached timestamp for a target."," * @param {string} cacheDir Path to cache dir."," * @param {string} taskName Task name."," * @param {string} targetName Target name."," * @return {string} Path to timestamp."," */","var getStampPath = exports.getStampPath = function(cacheDir, taskName,","    targetName) {","  return path.join(cacheDir, taskName, targetName, 'timestamp');","};",""],"l":{"1":1,"2":1,"3":1,"5":1,"18":1,"20":0,"21":0,"22":0,"25":0,"26":0,"27":0,"28":0,"29":0,"31":0,"34":0,"35":0,"37":0,"55":1,"57":0,"58":0,"59":0,"61":0,"63":0,"64":1,"65":0,"66":0,"67":0,"70":0,"71":0,"72":0,"74":0,"75":0,"77":0,"78":0,"79":0,"81":0,"82":0,"83":0,"85":0,"91":0,"111":1,"113":0,"114":0,"115":0,"116":0,"118":0,"120":0,"122":0,"126":0,"128":0,"129":0,"131":0,"135":0,"136":0,"139":0,"140":0,"154":1,"156":0,"157":0,"170":1,"172":0,"173":0,"174":0,"175":0,"177":0,"188":1,"189":0,"190":0,"191":0,"192":0,"194":0,"195":0,"196":0,"211":1,"213":0,"214":0,"216":0,"219":0,"222":0,"223":0,"225":0,"241":1,"243":0,"244":0,"246":0,"247":0,"248":0,"250":0,"251":0,"253":0,"257":0,"269":1,"271":0}},"/home/travis/build/npmtest/node-npmtest-grunt-newer/node_modules/grunt-newer/tasks/newer.js":{"path":"/home/travis/build/npmtest/node-npmtest-grunt-newer/node_modules/grunt-newer/tasks/newer.js","s":{"1":1,"2":1,"3":1,"4":1,"5":1,"6":1,"7":1,"8":1,"9":0,"10":0,"11":0,"12":1,"13":0,"14":0,"15":0,"16":0,"17":0,"18":1,"19":0,"20":1,"21":0,"22":0,"23":0,"24":0,"25":0,"26":0,"27":0,"28":0,"29":0,"30":0,"31":0,"32":0,"33":0,"34":0,"35":0,"36":0,"37":0,"38":0,"39":0,"40":0,"41":0,"42":0,"43":0,"44":0,"45":0,"46":0,"47":0,"48":0,"49":0,"50":0,"51":0,"52":0,"53":0,"54":0,"55":0,"56":0,"57":0,"58":0,"59":0,"60":1,"61":0,"62":0,"63":0,"64":0,"65":0,"66":0,"67":0,"68":0,"69":0,"70":0,"71":0,"72":0,"73":0,"74":0,"75":0,"76":0,"77":0,"78":0,"79":0,"80":0,"81":0,"82":1,"83":0,"84":0,"85":0,"86":0,"87":0,"88":0,"89":0,"90":0,"91":0,"92":0,"93":0,"94":0,"95":0,"96":0,"97":0,"98":0,"99":0,"100":0,"101":0,"102":0,"103":0,"104":0,"105":0},"b":{"1":[0,0],"2":[0,0],"3":[0,0],"4":[0,0],"5":[0,0],"6":[0,0],"7":[0,0],"8":[0,0],"9":[0,0],"10":[0,0],"11":[0,0],"12":[0,0],"13":[0,0],"14":[0,0],"15":[0,0],"16":[0,0],"17":[0,0],"18":[0,0]},"f":{"1":0,"2":0,"3":0,"4":0,"5":0,"6":0,"7":0,"8":0,"9":0,"10":0,"11":0,"12":0,"13":0},"fnMap":{"1":{"name":"cacheConfig","line":12,"loc":{"start":{"line":12,"column":0},"end":{"line":12,"column":29}}},"2":{"name":"pluckConfig","line":18,"loc":{"start":{"line":18,"column":0},"end":{"line":18,"column":25}}},"3":{"name":"nullOverride","line":27,"loc":{"start":{"line":27,"column":0},"end":{"line":27,"column":40}}},"4":{"name":"createTask","line":31,"loc":{"start":{"line":31,"column":0},"end":{"line":31,"column":27}}},"5":{"name":"(anonymous_5)","line":32,"loc":{"start":{"line":32,"column":9},"end":{"line":32,"column":40}}},"6":{"name":"(anonymous_6)","line":40,"loc":{"start":{"line":40,"column":50},"end":{"line":40,"column":71}}},"7":{"name":"override","line":102,"loc":{"start":{"line":102,"column":4},"end":{"line":102,"column":47}}},"8":{"name":"(anonymous_8)","line":114,"loc":{"start":{"line":114,"column":52},"end":{"line":114,"column":76}}},"9":{"name":"(anonymous_9)","line":127,"loc":{"start":{"line":127,"column":36},"end":{"line":127,"column":50}}},"10":{"name":"(anonymous_10)","line":157,"loc":{"start":{"line":157,"column":17},"end":{"line":157,"column":33}}},"11":{"name":"(anonymous_11)","line":165,"loc":{"start":{"line":165,"column":31},"end":{"line":165,"column":42}}},"12":{"name":"(anonymous_12)","line":173,"loc":{"start":{"line":173,"column":33},"end":{"line":173,"column":73}}},"13":{"name":"(anonymous_13)","line":187,"loc":{"start":{"line":187,"column":28},"end":{"line":187,"column":59}}}},"statementMap":{"1":{"start":{"line":1,"column":0},"end":{"line":1,"column":23}},"2":{"start":{"line":2,"column":0},"end":{"line":2,"column":27}},"3":{"start":{"line":4,"column":0},"end":{"line":4,"column":29}},"4":{"start":{"line":5,"column":0},"end":{"line":5,"column":31}},"5":{"start":{"line":7,"column":0},"end":{"line":7,"column":34}},"6":{"start":{"line":9,"column":0},"end":{"line":9,"column":16}},"7":{"start":{"line":10,"column":0},"end":{"line":10,"column":21}},"8":{"start":{"line":12,"column":0},"end":{"line":16,"column":1}},"9":{"start":{"line":13,"column":2},"end":{"line":13,"column":12}},"10":{"start":{"line":14,"column":2},"end":{"line":14,"column":32}},"11":{"start":{"line":15,"column":2},"end":{"line":15,"column":17}},"12":{"start":{"line":18,"column":0},"end":{"line":25,"column":1}},"13":{"start":{"line":19,"column":2},"end":{"line":21,"column":3}},"14":{"start":{"line":20,"column":4},"end":{"line":20,"column":50}},"15":{"start":{"line":22,"column":2},"end":{"line":22,"column":31}},"16":{"start":{"line":23,"column":2},"end":{"line":23,"column":25}},"17":{"start":{"line":24,"column":2},"end":{"line":24,"column":16}},"18":{"start":{"line":27,"column":0},"end":{"line":29,"column":1}},"19":{"start":{"line":28,"column":2},"end":{"line":28,"column":17}},"20":{"start":{"line":31,"column":0},"end":{"line":153,"column":1}},"21":{"start":{"line":32,"column":2},"end":{"line":152,"column":4}},"22":{"start":{"line":33,"column":4},"end":{"line":33,"column":19}},"23":{"start":{"line":34,"column":4},"end":{"line":34,"column":27}},"24":{"start":{"line":35,"column":4},"end":{"line":46,"column":5}},"25":{"start":{"line":36,"column":6},"end":{"line":39,"column":7}},"26":{"start":{"line":37,"column":8},"end":{"line":37,"column":80}},"27":{"start":{"line":38,"column":8},"end":{"line":38,"column":15}},"28":{"start":{"line":40,"column":6},"end":{"line":44,"column":9}},"29":{"start":{"line":41,"column":8},"end":{"line":43,"column":9}},"30":{"start":{"line":42,"column":10},"end":{"line":42,"column":65}},"31":{"start":{"line":45,"column":6},"end":{"line":45,"column":35}},"32":{"start":{"line":47,"column":4},"end":{"line":47,"column":66}},"33":{"start":{"line":48,"column":4},"end":{"line":52,"column":7}},"34":{"start":{"line":55,"column":4},"end":{"line":58,"column":5}},"35":{"start":{"line":56,"column":6},"end":{"line":56,"column":75}},"36":{"start":{"line":57,"column":6},"end":{"line":57,"column":41}},"37":{"start":{"line":61,"column":4},"end":{"line":65,"column":5}},"38":{"start":{"line":62,"column":6},"end":{"line":63,"column":15}},"39":{"start":{"line":64,"column":6},"end":{"line":64,"column":28}},"40":{"start":{"line":66,"column":4},"end":{"line":70,"column":5}},"41":{"start":{"line":67,"column":6},"end":{"line":68,"column":21}},"42":{"start":{"line":69,"column":6},"end":{"line":69,"column":28}},"43":{"start":{"line":72,"column":4},"end":{"line":72,"column":28}},"44":{"start":{"line":74,"column":4},"end":{"line":74,"column":66}},"45":{"start":{"line":75,"column":4},"end":{"line":75,"column":52}},"46":{"start":{"line":81,"column":4},"end":{"line":81,"column":24}},"47":{"start":{"line":82,"column":4},"end":{"line":91,"column":5}},"48":{"start":{"line":83,"column":6},"end":{"line":83,"column":34}},"49":{"start":{"line":84,"column":6},"end":{"line":84,"column":26}},"50":{"start":{"line":85,"column":6},"end":{"line":85,"column":23}},"51":{"start":{"line":86,"column":11},"end":{"line":91,"column":5}},"52":{"start":{"line":88,"column":6},"end":{"line":88,"column":32}},"53":{"start":{"line":89,"column":6},"end":{"line":89,"column":26}},"54":{"start":{"line":90,"column":6},"end":{"line":90,"column":23}},"55":{"start":{"line":93,"column":4},"end":{"line":93,"column":71}},"56":{"start":{"line":94,"column":4},"end":{"line":94,"column":17}},"57":{"start":{"line":95,"column":4},"end":{"line":100,"column":5}},"58":{"start":{"line":96,"column":6},"end":{"line":96,"column":42}},"59":{"start":{"line":99,"column":6},"end":{"line":99,"column":29}},"60":{"start":{"line":102,"column":4},"end":{"line":110,"column":5}},"61":{"start":{"line":103,"column":6},"end":{"line":108,"column":8}},"62":{"start":{"line":109,"column":6},"end":{"line":109,"column":41}},"63":{"start":{"line":112,"column":4},"end":{"line":112,"column":71}},"64":{"start":{"line":113,"column":4},"end":{"line":150,"column":7}},"65":{"start":{"line":115,"column":6},"end":{"line":120,"column":7}},"66":{"start":{"line":116,"column":8},"end":{"line":116,"column":23}},"67":{"start":{"line":117,"column":13},"end":{"line":120,"column":7}},"68":{"start":{"line":118,"column":8},"end":{"line":118,"column":56}},"69":{"start":{"line":119,"column":8},"end":{"line":119,"column":22}},"70":{"start":{"line":126,"column":6},"end":{"line":130,"column":7}},"71":{"start":{"line":127,"column":8},"end":{"line":129,"column":11}},"72":{"start":{"line":128,"column":10},"end":{"line":128,"column":25}},"73":{"start":{"line":133,"column":6},"end":{"line":133,"column":32}},"74":{"start":{"line":134,"column":6},"end":{"line":134,"column":24}},"75":{"start":{"line":135,"column":6},"end":{"line":135,"column":25}},"76":{"start":{"line":136,"column":6},"end":{"line":136,"column":55}},"77":{"start":{"line":139,"column":6},"end":{"line":139,"column":43}},"78":{"start":{"line":142,"column":6},"end":{"line":142,"column":50}},"79":{"start":{"line":143,"column":6},"end":{"line":146,"column":8}},"80":{"start":{"line":147,"column":6},"end":{"line":147,"column":28}},"81":{"start":{"line":149,"column":6},"end":{"line":149,"column":13}},"82":{"start":{"line":157,"column":0},"end":{"line":208,"column":2}},"83":{"start":{"line":159,"column":2},"end":{"line":161,"column":68}},"84":{"start":{"line":163,"column":2},"end":{"line":163,"column":68}},"85":{"start":{"line":164,"column":2},"end":{"line":169,"column":9}},"86":{"start":{"line":166,"column":8},"end":{"line":166,"column":35}},"87":{"start":{"line":167,"column":8},"end":{"line":167,"column":61}},"88":{"start":{"line":168,"column":8},"end":{"line":168,"column":42}},"89":{"start":{"line":171,"column":2},"end":{"line":171,"column":34}},"90":{"start":{"line":172,"column":2},"end":{"line":183,"column":9}},"91":{"start":{"line":176,"column":8},"end":{"line":176,"column":65}},"92":{"start":{"line":177,"column":8},"end":{"line":178,"column":32}},"93":{"start":{"line":181,"column":8},"end":{"line":181,"column":66}},"94":{"start":{"line":185,"column":2},"end":{"line":185,"column":42}},"95":{"start":{"line":186,"column":2},"end":{"line":206,"column":9}},"96":{"start":{"line":188,"column":8},"end":{"line":188,"column":32}},"97":{"start":{"line":194,"column":8},"end":{"line":194,"column":60}},"98":{"start":{"line":195,"column":8},"end":{"line":199,"column":9}},"99":{"start":{"line":196,"column":10},"end":{"line":196,"column":71}},"100":{"start":{"line":197,"column":15},"end":{"line":199,"column":9}},"101":{"start":{"line":198,"column":10},"end":{"line":198,"column":51}},"102":{"start":{"line":200,"column":8},"end":{"line":205,"column":9}},"103":{"start":{"line":201,"column":10},"end":{"line":201,"column":52}},"104":{"start":{"line":202,"column":10},"end":{"line":202,"column":33}},"105":{"start":{"line":204,"column":10},"end":{"line":204,"column":17}}},"branchMap":{"1":{"line":19,"type":"if","locations":[{"start":{"line":19,"column":2},"end":{"line":19,"column":2}},{"start":{"line":19,"column":2},"end":{"line":19,"column":2}}]},"2":{"line":35,"type":"if","locations":[{"start":{"line":35,"column":4},"end":{"line":35,"column":4}},{"start":{"line":35,"column":4},"end":{"line":35,"column":4}}]},"3":{"line":36,"type":"if","locations":[{"start":{"line":36,"column":6},"end":{"line":36,"column":6}},{"start":{"line":36,"column":6},"end":{"line":36,"column":6}}]},"4":{"line":41,"type":"if","locations":[{"start":{"line":41,"column":8},"end":{"line":41,"column":8}},{"start":{"line":41,"column":8},"end":{"line":41,"column":8}}]},"5":{"line":55,"type":"if","locations":[{"start":{"line":55,"column":4},"end":{"line":55,"column":4}},{"start":{"line":55,"column":4},"end":{"line":55,"column":4}}]},"6":{"line":61,"type":"if","locations":[{"start":{"line":61,"column":4},"end":{"line":61,"column":4}},{"start":{"line":61,"column":4},"end":{"line":61,"column":4}}]},"7":{"line":66,"type":"if","locations":[{"start":{"line":66,"column":4},"end":{"line":66,"column":4}},{"start":{"line":66,"column":4},"end":{"line":66,"column":4}}]},"8":{"line":82,"type":"if","locations":[{"start":{"line":82,"column":4},"end":{"line":82,"column":4}},{"start":{"line":82,"column":4},"end":{"line":82,"column":4}}]},"9":{"line":86,"type":"if","locations":[{"start":{"line":86,"column":11},"end":{"line":86,"column":11}},{"start":{"line":86,"column":11},"end":{"line":86,"column":11}}]},"10":{"line":86,"type":"binary-expr","locations":[{"start":{"line":86,"column":15},"end":{"line":86,"column":42}},{"start":{"line":87,"column":8},"end":{"line":87,"column":43}}]},"11":{"line":115,"type":"if","locations":[{"start":{"line":115,"column":6},"end":{"line":115,"column":6}},{"start":{"line":115,"column":6},"end":{"line":115,"column":6}}]},"12":{"line":117,"type":"if","locations":[{"start":{"line":117,"column":13},"end":{"line":117,"column":13}},{"start":{"line":117,"column":13},"end":{"line":117,"column":13}}]},"13":{"line":126,"type":"if","locations":[{"start":{"line":126,"column":6},"end":{"line":126,"column":6}},{"start":{"line":126,"column":6},"end":{"line":126,"column":6}}]},"14":{"line":144,"type":"cond-expr","locations":[{"start":{"line":144,"column":28},"end":{"line":144,"column":38}},{"start":{"line":144,"column":41},"end":{"line":144,"column":43}}]},"15":{"line":195,"type":"if","locations":[{"start":{"line":195,"column":8},"end":{"line":195,"column":8}},{"start":{"line":195,"column":8},"end":{"line":195,"column":8}}]},"16":{"line":195,"type":"binary-expr","locations":[{"start":{"line":195,"column":12},"end":{"line":195,"column":20}},{"start":{"line":195,"column":24},"end":{"line":195,"column":34}}]},"17":{"line":197,"type":"if","locations":[{"start":{"line":197,"column":15},"end":{"line":197,"column":15}},{"start":{"line":197,"column":15},"end":{"line":197,"column":15}}]},"18":{"line":200,"type":"if","locations":[{"start":{"line":200,"column":8},"end":{"line":200,"column":8}},{"start":{"line":200,"column":8},"end":{"line":200,"column":8}}]}},"code":["var fs = require('fs');","var path = require('path');","","var async = require('async');","var rimraf = require('rimraf');","","var util = require('../lib/util');","","var counter = 0;","var configCache = {};","","function cacheConfig(config) {","  ++counter;","  configCache[counter] = config;","  return counter;","}","","function pluckConfig(id) {","  if (!configCache.hasOwnProperty(id)) {","    throw new Error('Failed to find id in cache');","  }","  var config = configCache[id];","  delete configCache[id];","  return config;","}","","function nullOverride(details, include) {","  include(false);","}","","function createTask(grunt) {","  return function(taskName, targetName) {","    var tasks = [];","    var prefix = this.name;","    if (!targetName) {","      if (!grunt.config(taskName)) {","        grunt.fatal('The \"' + prefix + '\" prefix is not supported for aliases');","        return;","      }","      Object.keys(grunt.config(taskName)).forEach(function(targetName) {","        if (!/^_|^options$/.test(targetName)) {","          tasks.push(prefix + ':' + taskName + ':' + targetName);","        }","      });","      return grunt.task.run(tasks);","    }","    var args = Array.prototype.slice.call(arguments, 2).join(':');","    var options = this.options({","      cache: path.join(__dirname, '..', '.cache'),","      override: nullOverride,","      tolerance: 0 // allowed difference between src and dst in ms","    });","","    // support deprecated timestamps option","    if (options.timestamps) {","      grunt.log.warn('DEPRECATED OPTION.  Use the \"cache\" option instead');","      options.cache = options.timestamps;","    }","","    // Sanity check for the tolerance option","    if (typeof options.tolerance !== 'number') {","      grunt.log.warn('The tolerance value must be a number, ignoring current ' +","      'value');","      options.tolerance = 0;","    }","    if (options.tolerance < 0) {","      grunt.log.warn('A tolerance value of ' + options.tolerance +","      ' is invalid');","      options.tolerance = 0;","    }","","    var done = this.async();","","    var originalConfig = grunt.config.get([taskName, targetName]);","    var config = grunt.util._.clone(originalConfig);","","    /**","     * Special handling for tasks that expect the `files` config to be a string","     * or array of string source paths.","     */","    var srcFiles = true;","    if (typeof config.files === 'string') {","      config.src = [config.files];","      delete config.files;","      srcFiles = false;","    } else if (Array.isArray(config.files) &&","        typeof config.files[0] === 'string') {","      config.src = config.files;","      delete config.files;","      srcFiles = false;","    }","","    var stamp = util.getStampPath(options.cache, taskName, targetName);","    var previous;","    try {","      previous = fs.statSync(stamp).mtime;","    } catch (err) {","      // task has never succeeded before","      previous = new Date(0);","    }","","    function override(filePath, time, include) {","      var details = {","        task: taskName,","        target: targetName,","        path: filePath,","        time: time","      };","      options.override(details, include);","    }","","    var files = grunt.task.normalizeMultiTaskFiles(config, targetName);","    util.filterFilesByTime(","      files, previous, options.tolerance, override, function(e, newerFiles) {","      if (e) {","        return done(e);","      } else if (newerFiles.length === 0) {","        grunt.log.writeln('No newer files to process.');","        return done();","      }","","      /**","       * If we started out with only src files in the files config,","       * transform the newerFiles array into an array of source files.","       */","      if (!srcFiles) {","        newerFiles = newerFiles.map(function(obj) {","          return obj.src;","        });","      }","","      // configure target with only newer files","      config.files = newerFiles;","      delete config.src;","      delete config.dest;","      grunt.config.set([taskName, targetName], config);","","      // because we modified the task config, cache the original","      var id = cacheConfig(originalConfig);","","      // run the task, and attend to postrun tasks","      var qualified = taskName + ':' + targetName;","      var tasks = [","        qualified + (args ? ':' + args : ''),","        'newer-postrun:' + qualified + ':' + id + ':' + options.cache","      ];","      grunt.task.run(tasks);","","      done();","    });","","  };","}","","","/** @param {Object} grunt Grunt. */","module.exports = function(grunt) {","","  grunt.registerTask(","      'newer', 'Run a task with only those source files that have been ' +","      'modified since the last successful run.', createTask(grunt));","","  var deprecated = 'DEPRECATED TASK.  Use the \"newer\" task instead';","  grunt.registerTask(","      'any-newer', deprecated, function() {","        grunt.log.warn(deprecated);","        var args = Array.prototype.join.call(arguments, ':');","        grunt.task.run(['newer:' + args]);","      });","","  var internal = 'Internal task.';","  grunt.registerTask(","      'newer-postrun', internal, function(taskName, targetName, id, dir) {","","        // if dir includes a ':', grunt will split it among multiple args","        dir = Array.prototype.slice.call(arguments, 3).join(':');","        grunt.file.write(util.getStampPath(dir, taskName, targetName),","            String(Date.now()));","","        // reconfigure task with original config","        grunt.config.set([taskName, targetName], pluckConfig(id));","","      });","","  var clean = 'Remove cached timestamps.';","  grunt.registerTask(","      'newer-clean', clean, function(taskName, targetName) {","        var done = this.async();","","        /**","         * This intentionally only works with the default cache dir.  If a","         * custom cache dir is provided, it is up to the user to keep it clean.","         */","        var cacheDir = path.join(__dirname, '..', '.cache');","        if (taskName && targetName) {","          cacheDir = util.getStampPath(cacheDir, taskName, targetName);","        } else if (taskName) {","          cacheDir = path.join(cacheDir, taskName);","        }","        if (grunt.file.exists(cacheDir)) {","          grunt.log.writeln('Cleaning ' + cacheDir);","          rimraf(cacheDir, done);","        } else {","          done();","        }","      });","","};",""],"l":{"1":1,"2":1,"4":1,"5":1,"7":1,"9":1,"10":1,"12":1,"13":0,"14":0,"15":0,"18":1,"19":0,"20":0,"22":0,"23":0,"24":0,"27":1,"28":0,"31":1,"32":0,"33":0,"34":0,"35":0,"36":0,"37":0,"38":0,"40":0,"41":0,"42":0,"45":0,"47":0,"48":0,"55":0,"56":0,"57":0,"61":0,"62":0,"64":0,"66":0,"67":0,"69":0,"72":0,"74":0,"75":0,"81":0,"82":0,"83":0,"84":0,"85":0,"86":0,"88":0,"89":0,"90":0,"93":0,"94":0,"95":0,"96":0,"99":0,"102":1,"103":0,"109":0,"112":0,"113":0,"115":0,"116":0,"117":0,"118":0,"119":0,"126":0,"127":0,"128":0,"133":0,"134":0,"135":0,"136":0,"139":0,"142":0,"143":0,"147":0,"149":0,"157":1,"159":0,"163":0,"164":0,"166":0,"167":0,"168":0,"171":0,"172":0,"176":0,"177":0,"181":0,"185":0,"186":0,"188":0,"194":0,"195":0,"196":0,"197":0,"198":0,"200":0,"201":0,"202":0,"204":0}}}